<html>
<head>
<title>TestNG:  Test</title>
<link href="../testng.css" rel="stylesheet" type="text/css" />
<link href="../my-testng.css" rel="stylesheet" type="text/css" />

<style type="text/css">
.log { display: none;} 
.stack-trace { display: none;} 
</style>
<script type="text/javascript">
<!--
function flip(e) {
  current = e.style.display;
  if (current == 'block') {
    e.style.display = 'none';
    return 0;
  }
  else {
    e.style.display = 'block';
    return 1;
  }
}

function toggleBox(szDivId, elem, msg1, msg2)
{
  var res = -1;  if (document.getElementById) {
    res = flip(document.getElementById(szDivId));
  }
  else if (document.all) {
    // this is the way old msie versions work
    res = flip(document.all[szDivId]);
  }
  if(elem) {
    if(res == 0) elem.innerHTML = msg1; else elem.innerHTML = msg2;
  }

}

function toggleAllBoxes() {
  if (document.getElementsByTagName) {
    d = document.getElementsByTagName('div');
    for (i = 0; i < d.length; i++) {
      if (d[i].className == 'log') {
        flip(d[i]);
      }
    }
  }
}

// -->
</script>

</head>
<body>
<h2 align='center'>Test</h2><table border='1' align="center">
<tr>
<td>Tests passed/Failed/Skipped:</td><td>6/1/0</td>
</tr><tr>
<td>Started on:</td><td>Tue Oct 01 20:26:15 IST 2024</td>
</tr>
<tr><td>Total time:</td><td>150 seconds (150757 ms)</td>
</tr><tr>
<td>Included groups:</td><td></td>
</tr><tr>
<td>Excluded groups:</td><td></td>
</tr>
</table><p/>
<small><i>(Hover the method name to see the test class name)</i></small><p/>
<table width='100%' border='1' class='invocation-failed'>
<tr><td colspan='4' align='center'><b>FAILED TESTS</b></td></tr>
<tr><td><b>Test method</b></td>
<td><b>Attribute(s)</b></td>
<td width="30%"><b>Exception</b></td>
<td width="10%"><b>Time (seconds)</b></td>
<td><b>Instance</b></td>
</tr>
<tr>
<td title='webTestCases.Module3_Search.tc007_VerifySearchWithValidData()'><b>tc007_VerifySearchWithValidData</b><br>Test class: webTestCases.Module3_Search<br/>
<a href="#Output-1549623669" onClick='toggleBox("Output-1549623669", this, "Show output", "Hide output");'>Show output</a>

<a href="#Output-1549623669" onClick="toggleAllBoxes();">Show all outputs</a>
<div class='log' id="Output-1549623669">
Chrome browser launched<br/>
Browser maximized<br/>
Navigated to https://demowebshop.tricentis.com/<br/>
Implicit wait set to 5 seconds<br/>
Register Link is displayed<br/>
Clicked on LogIn Link<br/>
Welcome Text is displayed<br/>
Entered mkar@gmail.com into Email TextField<br/>
Entered Ka@12345 into Password TextField<br/>
Clicked on Login button<br/>
Logout Link is displayed<br/>
Entered Computer into Search TF<br/>
List of text fetched from Search Suggestions are [Build your own cheap computer, Build your own computer, Build your own expensive computer, Simple Computer]<br/>
Clicked on Search Button<br/>
Entered Computer into Search TF<br/>
Failed to clicked on Build your own cheap computer<br/>
</div>
</td>
<td><div><pre>org.openqa.selenium.ElementNotInteractableException: element not interactable
  (Session info: chrome=129.0.6668.70)
Build info: version: &apos;4.19.1&apos;, revision: &apos;abe0ee07dc&apos;
System info: os.name: &apos;Windows 11&apos;, os.arch: &apos;amd64&apos;, os.version: &apos;10.0&apos;, java.version: &apos;22.0.1&apos;
Driver info: org.openqa.selenium.chrome.ChromeDriver
Command: [37a6e14c3c38c02b0a363a3609b6e359, clickElement {id=f.1AD5C8A24DC2B7FA6F697DFEF152FF0B.d.437F8B660B430D283175BAF50FBF779E.e.140}]
Capabilities {acceptInsecureCerts: false, browserName: chrome, browserVersion: 129.0.6668.70, chrome: {chromedriverVersion: 129.0.6668.70 (df87d5cf12b1..., userDataDir: C:\Users\User\AppData\Local...}, fedcm:accounts: true, goog:chromeOptions: {debuggerAddress: localhost:60778}, networkConnectionEnabled: false, pageLoadStrategy: normal, platformName: windows, proxy: Proxy(), se:cdp: ws://localhost:60778/devtoo..., se:cdpVersion: 129.0.6668.70, setWindowRect: true, strictFileInteractability: false, timeouts: {implicit: 0, pageLoad: 300000, script: 30000}, unhandledPromptBehavior: dismiss and notify, webauthn:extension:credBlob: true, webauthn:extension:largeBlob: true, webauthn:extension:minPinLength: true, webauthn:extension:prf: true, webauthn:virtualAuthenticators: true}
Element: [[ChromeDriver: chrome on windows (37a6e14c3c38c02b0a363a3609b6e359)] -&gt; xpath: //ul[contains(@class,&apos;ui-menu&apos;)]/li/a[text()=&apos;Build your own cheap computer&apos;]]
Session ID: 37a6e14c3c38c02b0a363a3609b6e359
	at org.openqa.selenium.remote.ErrorCodec.decode(ErrorCodec.java:167)
	at org.openqa.selenium.remote.codec.w3c.W3CHttpResponseCodec.decode(W3CHttpResponseCodec.java:138)
	at org.openqa.selenium.remote.codec.w3c.W3CHttpResponseCodec.decode(W3CHttpResponseCodec.java:50)
	at org.openqa.selenium.remote.HttpCommandExecutor.execute(HttpCommandExecutor.java:190)
	at org.openqa.selenium.remote.service.DriverCommandExecutor.invokeExecute(DriverCommandExecutor.java:216)
	at org.openqa.selenium.remote.service.DriverCommandExecutor.execute(DriverCommandExecutor.java:174)
	at org.openqa.selenium.remote.RemoteWebDriver.execute(RemoteWebDriver.java:518)
	at org.openqa.selenium.remote.RemoteWebElement.execute(RemoteWebElement.java:223)
	at org.openqa.selenium.remote.RemoteWebElement.click(RemoteWebElement.java:76)
	at genericLib.Utilities.clickOn(Utilities.java:166)
	at webTestCases.Module3_Search.tc007_VerifySearchWithValidData(Module3_Search.java:27)
	at java.base/java.util.ArrayList.forEach(ArrayList.java:1597)
... Removed 28 stack frames</pre></div><a href='#' onClick='toggleBox("stack-trace1549623669", this, "Click to show all stack frames", "Click to hide stack frames")'>Click to show all stack frames</a>
<div class='stack-trace' id='stack-trace1549623669'><pre>org.openqa.selenium.ElementNotInteractableException: element not interactable
  (Session info: chrome=129.0.6668.70)
Build info: version: &apos;4.19.1&apos;, revision: &apos;abe0ee07dc&apos;
System info: os.name: &apos;Windows 11&apos;, os.arch: &apos;amd64&apos;, os.version: &apos;10.0&apos;, java.version: &apos;22.0.1&apos;
Driver info: org.openqa.selenium.chrome.ChromeDriver
Command: [37a6e14c3c38c02b0a363a3609b6e359, clickElement {id=f.1AD5C8A24DC2B7FA6F697DFEF152FF0B.d.437F8B660B430D283175BAF50FBF779E.e.140}]
Capabilities {acceptInsecureCerts: false, browserName: chrome, browserVersion: 129.0.6668.70, chrome: {chromedriverVersion: 129.0.6668.70 (df87d5cf12b1..., userDataDir: C:\Users\User\AppData\Local...}, fedcm:accounts: true, goog:chromeOptions: {debuggerAddress: localhost:60778}, networkConnectionEnabled: false, pageLoadStrategy: normal, platformName: windows, proxy: Proxy(), se:cdp: ws://localhost:60778/devtoo..., se:cdpVersion: 129.0.6668.70, setWindowRect: true, strictFileInteractability: false, timeouts: {implicit: 0, pageLoad: 300000, script: 30000}, unhandledPromptBehavior: dismiss and notify, webauthn:extension:credBlob: true, webauthn:extension:largeBlob: true, webauthn:extension:minPinLength: true, webauthn:extension:prf: true, webauthn:virtualAuthenticators: true}
Element: [[ChromeDriver: chrome on windows (37a6e14c3c38c02b0a363a3609b6e359)] -&gt; xpath: //ul[contains(@class,&apos;ui-menu&apos;)]/li/a[text()=&apos;Build your own cheap computer&apos;]]
Session ID: 37a6e14c3c38c02b0a363a3609b6e359
	at java.base/jdk.internal.reflect.DirectConstructorHandleAccessor.newInstance(DirectConstructorHandleAccessor.java:62)
	at java.base/java.lang.reflect.Constructor.newInstanceWithCaller(Constructor.java:502)
	at java.base/java.lang.reflect.Constructor.newInstance(Constructor.java:486)
	at org.openqa.selenium.remote.ErrorCodec.decode(ErrorCodec.java:167)
	at org.openqa.selenium.remote.codec.w3c.W3CHttpResponseCodec.decode(W3CHttpResponseCodec.java:138)
	at org.openqa.selenium.remote.codec.w3c.W3CHttpResponseCodec.decode(W3CHttpResponseCodec.java:50)
	at org.openqa.selenium.remote.HttpCommandExecutor.execute(HttpCommandExecutor.java:190)
	at org.openqa.selenium.remote.service.DriverCommandExecutor.invokeExecute(DriverCommandExecutor.java:216)
	at org.openqa.selenium.remote.service.DriverCommandExecutor.execute(DriverCommandExecutor.java:174)
	at org.openqa.selenium.remote.RemoteWebDriver.execute(RemoteWebDriver.java:518)
	at org.openqa.selenium.remote.RemoteWebElement.execute(RemoteWebElement.java:223)
	at org.openqa.selenium.remote.RemoteWebElement.click(RemoteWebElement.java:76)
	at genericLib.Utilities.clickOn(Utilities.java:166)
	at webTestCases.Module3_Search.tc007_VerifySearchWithValidData(Module3_Search.java:27)
	at java.base/jdk.internal.reflect.DirectMethodHandleAccessor.invoke(DirectMethodHandleAccessor.java:103)
	at java.base/java.lang.reflect.Method.invoke(Method.java:580)
	at org.testng.internal.invokers.MethodInvocationHelper.invokeMethod(MethodInvocationHelper.java:141)
	at org.testng.internal.invokers.TestInvoker.invokeMethod(TestInvoker.java:686)
	at org.testng.internal.invokers.TestInvoker.invokeTestMethod(TestInvoker.java:230)
	at org.testng.internal.invokers.MethodRunner.runInSequence(MethodRunner.java:63)
	at org.testng.internal.invokers.TestInvoker$MethodInvocationAgent.invoke(TestInvoker.java:992)
	at org.testng.internal.invokers.TestInvoker.invokeTestMethods(TestInvoker.java:203)
	at org.testng.internal.invokers.TestMethodWorker.invokeTestMethods(TestMethodWorker.java:154)
	at org.testng.internal.invokers.TestMethodWorker.run(TestMethodWorker.java:134)
	at java.base/java.util.ArrayList.forEach(ArrayList.java:1597)
	at org.testng.TestRunner.privateRun(TestRunner.java:739)
	at org.testng.TestRunner.run(TestRunner.java:614)
	at org.testng.SuiteRunner.runTest(SuiteRunner.java:421)
	at org.testng.SuiteRunner.runSequentially(SuiteRunner.java:413)
	at org.testng.SuiteRunner.privateRun(SuiteRunner.java:373)
	at org.testng.SuiteRunner.run(SuiteRunner.java:312)
	at org.testng.SuiteRunnerWorker.runSuite(SuiteRunnerWorker.java:52)
	at org.testng.SuiteRunnerWorker.run(SuiteRunnerWorker.java:95)
	at org.testng.TestNG.runSuitesSequentially(TestNG.java:1274)
	at org.testng.TestNG.runSuitesLocally(TestNG.java:1208)
	at org.testng.TestNG.runSuites(TestNG.java:1112)
	at org.testng.TestNG.run(TestNG.java:1079)
	at org.testng.remote.AbstractRemoteTestNG.run(AbstractRemoteTestNG.java:115)
	at org.testng.remote.RemoteTestNG.initAndRun(RemoteTestNG.java:293)
	at org.testng.remote.RemoteTestNG.main(RemoteTestNG.java:91)
</pre></div></td>
<td>29</td>
<td>webTestCases.Module3_Search@2ab4bc72</td></tr>
</table><p>
<table width='100%' border='1' class='invocation-passed'>
<tr><td colspan='4' align='center'><b>PASSED TESTS</b></td></tr>
<tr><td><b>Test method</b></td>
<td><b>Attribute(s)</b></td>
<td width="30%"><b>Exception</b></td>
<td width="10%"><b>Time (seconds)</b></td>
<td><b>Instance</b></td>
</tr>
<tr>
<td title='webTestCases.Module2_Login.tc005_VerifyLoginWithInValidCredentials()'><b>tc005_VerifyLoginWithInValidCredentials</b><br>Test class: webTestCases.Module2_Login<br/>
<a href="#Output-1485179287" onClick='toggleBox("Output-1485179287", this, "Show output", "Hide output");'>Show output</a>

<a href="#Output-1485179287" onClick="toggleAllBoxes();">Show all outputs</a>
<div class='log' id="Output-1485179287">
Firefox browser launched<br/>
Browser maximized<br/>
Navigated to https://demowebshop.tricentis.com/<br/>
Implicit wait set to 5 seconds<br/>
Register Link is displayed<br/>
Clicked on LogIn Link<br/>
Welcome Text is displayed<br/>
Entered mkar@gmail.com into Email TextField<br/>
Entered Ka@123456 into Password TextField<br/>
Clicked on Login button<br/>
Incorrect credentials Msg is displayed<br/>
</div>
</td>
<td></td>
<td>18</td>
<td>webTestCases.Module2_Login@3de8f619</td></tr>
<tr>
<td title='webTestCases.Module1_Registration.tc003_VerifyRegistrationWithAlreadyRegisteredData()'><b>tc003_VerifyRegistrationWithAlreadyRegisteredData</b><br>Test class: webTestCases.Module1_Registration<br/>
<a href="#Output-466661605" onClick='toggleBox("Output-466661605", this, "Show output", "Hide output");'>Show output</a>

<a href="#Output-466661605" onClick="toggleAllBoxes();">Show all outputs</a>
<div class='log' id="Output-466661605">
Chrome browser launched<br/>
Browser maximized<br/>
Navigated to https://demowebshop.tricentis.com/<br/>
Implicit wait set to 5 seconds<br/>
Register Link is displayed<br/>
Clicked on Register Link<br/>
Register Text is displayed<br/>
Clicked on Male Radio button<br/>
Entered Karthick into FirstName TextField<br/>
Entered TestUser into LastName TextField<br/>
Entered mkar@gmail.com into Email TextField<br/>
Entered Ka@12345 into Password TextField<br/>
Entered Ka@12345 into Confirm Password TextField<br/>
Clicked on Register button<br/>
Already exists error Msg is displayed<br/>
</div>
</td>
<td></td>
<td>21</td>
<td>webTestCases.Module1_Registration@5965d37</td></tr>
<tr>
<td title='webTestCases.Module1_Registration.tc002_VerifyRegistrationWithInValidEmail()'><b>tc002_VerifyRegistrationWithInValidEmail</b><br>Test class: webTestCases.Module1_Registration<br/>
<a href="#Output-425107133" onClick='toggleBox("Output-425107133", this, "Show output", "Hide output");'>Show output</a>

<a href="#Output-425107133" onClick="toggleAllBoxes();">Show all outputs</a>
<div class='log' id="Output-425107133">
Chrome browser launched<br/>
Browser maximized<br/>
Navigated to https://demowebshop.tricentis.com/<br/>
Implicit wait set to 5 seconds<br/>
Register Link is displayed<br/>
Clicked on Register Link<br/>
Register Text is displayed<br/>
Clicked on Male Radio button<br/>
Entered Karthick into FirstName TextField<br/>
Entered TestUser into LastName TextField<br/>
Random Number generated : 56987<br/>
Entered testUser56987 into Email TextField<br/>
Entered Ka@12345 into Password TextField<br/>
Entered Ka@12345 into Confirm Password TextField<br/>
Clicked on Register button<br/>
Wrong Email Text is displayed<br/>
</div>
</td>
<td></td>
<td>20</td>
<td>webTestCases.Module1_Registration@5965d37</td></tr>
<tr>
<td title='webTestCases.Module2_Login.tc004_VerifyLoginWithValidCredentials()'><b>tc004_VerifyLoginWithValidCredentials</b><br>Test class: webTestCases.Module2_Login<br/>
<a href="#Output-252276535" onClick='toggleBox("Output-252276535", this, "Show output", "Hide output");'>Show output</a>

<a href="#Output-252276535" onClick="toggleAllBoxes();">Show all outputs</a>
<div class='log' id="Output-252276535">
Chrome browser launched<br/>
Browser maximized<br/>
Navigated to https://demowebshop.tricentis.com/<br/>
Implicit wait set to 5 seconds<br/>
Register Link is displayed<br/>
Clicked on LogIn Link<br/>
Welcome Text is displayed<br/>
Entered mkar@gmail.com into Email TextField<br/>
Entered Ka@12345 into Password TextField<br/>
Clicked on Login button<br/>
Logout Link is displayed<br/>
</div>
</td>
<td></td>
<td>20</td>
<td>webTestCases.Module2_Login@3de8f619</td></tr>
<tr>
<td title='webTestCases.Module1_Registration.tc001_VerifyRegistrationWithValidData()'><b>tc001_VerifyRegistrationWithValidData</b><br>Test class: webTestCases.Module1_Registration<br/>
<a href="#Output-1777043124" onClick='toggleBox("Output-1777043124", this, "Show output", "Hide output");'>Show output</a>

<a href="#Output-1777043124" onClick="toggleAllBoxes();">Show all outputs</a>
<div class='log' id="Output-1777043124">
Chrome browser launched<br/>
Browser maximized<br/>
Navigated to https://demowebshop.tricentis.com/<br/>
Implicit wait set to 5 seconds<br/>
Register Link is displayed<br/>
Clicked on Register Link<br/>
Register Text is displayed<br/>
Clicked on Male Radio button<br/>
Entered Karthick into FirstName TextField<br/>
Entered TestUser into LastName TextField<br/>
Random Number generated : 92458<br/>
Entered testUser92458@gmail.com into Email TextField<br/>
Entered Ka@12345 into Password TextField<br/>
Entered Ka@12345 into Confirm Password TextField<br/>
Clicked on Register button<br/>
Registration Completed Msg is displayed<br/>
</div>
</td>
<td></td>
<td>22</td>
<td>webTestCases.Module1_Registration@5965d37</td></tr>
<tr>
<td title='webTestCases.Module2_Login.tc006_VerifyLoginWithNoCredentials()'><b>tc006_VerifyLoginWithNoCredentials</b><br>Test class: webTestCases.Module2_Login<br/>
<a href="#Output-278536229" onClick='toggleBox("Output-278536229", this, "Show output", "Hide output");'>Show output</a>

<a href="#Output-278536229" onClick="toggleAllBoxes();">Show all outputs</a>
<div class='log' id="Output-278536229">
Edge browser launched<br/>
Browser maximized<br/>
Navigated to https://demowebshop.tricentis.com/<br/>
Implicit wait set to 5 seconds<br/>
Register Link is displayed<br/>
Clicked on LogIn Link<br/>
Welcome Text is displayed<br/>
Clicked on Login button<br/>
No account found Msg is displayed<br/>
</div>
</td>
<td></td>
<td>15</td>
<td>webTestCases.Module2_Login@3de8f619</td></tr>
</table><p>
</body>
</html>