<?xml version="1.0" encoding="UTF-8"?>
<!-- Generated by org.testng.reporters.JUnitXMLReporter -->
<testsuite ignored="4" hostname="FFE-Karthick-M" failures="1" tests="7" name="Test" time="150.757" errors="0" timestamp="2024-10-01T20:28:46 IST">
  <testcase classname="webTestCases.Module1_Registration" name="tc001_VerifyRegistrationWithValidData" time="22.554"/>
  <testcase classname="webTestCases.Module1_Registration" name="tc002_VerifyRegistrationWithInValidEmail" time="20.038"/>
  <testcase classname="webTestCases.Module1_Registration" name="tc003_VerifyRegistrationWithAlreadyRegisteredData" time="21.146"/>
  <testcase classname="webTestCases.Module2_Login" name="tc004_VerifyLoginWithValidCredentials" time="20.87"/>
  <testcase classname="webTestCases.Module2_Login" name="tc005_VerifyLoginWithInValidCredentials" time="18.02"/>
  <testcase classname="webTestCases.Module2_Login" name="tc006_VerifyLoginWithNoCredentials" time="15.847"/>
  <testcase classname="webTestCases.Module3_Search" name="tc007_VerifySearchWithValidData" time="29.316">
    <failure type="org.openqa.selenium.ElementNotInteractableException" message="element not interactable
  (Session info: chrome=129.0.6668.70)
Build info: version: &amp;apos;4.19.1&amp;apos;, revision: &amp;apos;abe0ee07dc&amp;apos;
System info: os.name: &amp;apos;Windows 11&amp;apos;, os.arch: &amp;apos;amd64&amp;apos;, os.version: &amp;apos;10.0&amp;apos;, java.version: &amp;apos;22.0.1&amp;apos;
Driver info: org.openqa.selenium.chrome.ChromeDriver
Command: [37a6e14c3c38c02b0a363a3609b6e359, clickElement {id=f.1AD5C8A24DC2B7FA6F697DFEF152FF0B.d.437F8B660B430D283175BAF50FBF779E.e.140}]
Capabilities {acceptInsecureCerts: false, browserName: chrome, browserVersion: 129.0.6668.70, chrome: {chromedriverVersion: 129.0.6668.70 (df87d5cf12b1..., userDataDir: C:\Users\User\AppData\Local...}, fedcm:accounts: true, goog:chromeOptions: {debuggerAddress: localhost:60778}, networkConnectionEnabled: false, pageLoadStrategy: normal, platformName: windows, proxy: Proxy(), se:cdp: ws://localhost:60778/devtoo..., se:cdpVersion: 129.0.6668.70, setWindowRect: true, strictFileInteractability: false, timeouts: {implicit: 0, pageLoad: 300000, script: 30000}, unhandledPromptBehavior: dismiss and notify, webauthn:extension:credBlob: true, webauthn:extension:largeBlob: true, webauthn:extension:minPinLength: true, webauthn:extension:prf: true, webauthn:virtualAuthenticators: true}
Element: [[ChromeDriver: chrome on windows (37a6e14c3c38c02b0a363a3609b6e359)] -&amp;gt; xpath: //ul[contains(@class,&amp;apos;ui-menu&amp;apos;)]/li/a[text()=&amp;apos;Build your own cheap computer&amp;apos;]]
Session ID: 37a6e14c3c38c02b0a363a3609b6e359">
      <![CDATA[org.openqa.selenium.ElementNotInteractableException: element not interactable
  (Session info: chrome=129.0.6668.70)
Build info: version: '4.19.1', revision: 'abe0ee07dc'
System info: os.name: 'Windows 11', os.arch: 'amd64', os.version: '10.0', java.version: '22.0.1'
Driver info: org.openqa.selenium.chrome.ChromeDriver
Command: [37a6e14c3c38c02b0a363a3609b6e359, clickElement {id=f.1AD5C8A24DC2B7FA6F697DFEF152FF0B.d.437F8B660B430D283175BAF50FBF779E.e.140}]
Capabilities {acceptInsecureCerts: false, browserName: chrome, browserVersion: 129.0.6668.70, chrome: {chromedriverVersion: 129.0.6668.70 (df87d5cf12b1..., userDataDir: C:\Users\User\AppData\Local...}, fedcm:accounts: true, goog:chromeOptions: {debuggerAddress: localhost:60778}, networkConnectionEnabled: false, pageLoadStrategy: normal, platformName: windows, proxy: Proxy(), se:cdp: ws://localhost:60778/devtoo..., se:cdpVersion: 129.0.6668.70, setWindowRect: true, strictFileInteractability: false, timeouts: {implicit: 0, pageLoad: 300000, script: 30000}, unhandledPromptBehavior: dismiss and notify, webauthn:extension:credBlob: true, webauthn:extension:largeBlob: true, webauthn:extension:minPinLength: true, webauthn:extension:prf: true, webauthn:virtualAuthenticators: true}
Element: [[ChromeDriver: chrome on windows (37a6e14c3c38c02b0a363a3609b6e359)] -> xpath: //ul[contains(@class,'ui-menu')]/li/a[text()='Build your own cheap computer']]
Session ID: 37a6e14c3c38c02b0a363a3609b6e359
at org.openqa.selenium.remote.ErrorCodec.decode(ErrorCodec.java:167)
at org.openqa.selenium.remote.codec.w3c.W3CHttpResponseCodec.decode(W3CHttpResponseCodec.java:138)
at org.openqa.selenium.remote.codec.w3c.W3CHttpResponseCodec.decode(W3CHttpResponseCodec.java:50)
at org.openqa.selenium.remote.HttpCommandExecutor.execute(HttpCommandExecutor.java:190)
at org.openqa.selenium.remote.service.DriverCommandExecutor.invokeExecute(DriverCommandExecutor.java:216)
at org.openqa.selenium.remote.service.DriverCommandExecutor.execute(DriverCommandExecutor.java:174)
at org.openqa.selenium.remote.RemoteWebDriver.execute(RemoteWebDriver.java:518)
at org.openqa.selenium.remote.RemoteWebElement.execute(RemoteWebElement.java:223)
at org.openqa.selenium.remote.RemoteWebElement.click(RemoteWebElement.java:76)
at genericLib.Utilities.clickOn(Utilities.java:166)
at webTestCases.Module3_Search.tc007_VerifySearchWithValidData(Module3_Search.java:27)
at java.base/java.util.ArrayList.forEach(ArrayList.java:1597)
... Removed 28 stack frames]]>
    </failure>
  </testcase> <!-- tc007_VerifySearchWithValidData -->
  <testcase classname="genericLib.BaseClass" name="@BeforeSuite setUp" time="0.0">
    <ignored/>
  </testcase> <!-- @BeforeSuite setUp -->
  <testcase classname="genericLib.BaseClass" name="@AfterSuite upDateReport" time="0.0">
    <ignored/>
  </testcase> <!-- @AfterSuite upDateReport -->
  <testcase classname="genericLib.BaseClass" name="@BeforeSuite setUp" time="0.0">
    <ignored/>
  </testcase> <!-- @BeforeSuite setUp -->
  <testcase classname="genericLib.BaseClass" name="@AfterSuite upDateReport" time="0.0">
    <ignored/>
  </testcase> <!-- @AfterSuite upDateReport -->
</testsuite> <!-- Test -->
