<html>
<head>
<title>TestNG:  Command line test</title>
<link href="../testng.css" rel="stylesheet" type="text/css" />
<link href="../my-testng.css" rel="stylesheet" type="text/css" />

<style type="text/css">
.log { display: none;} 
.stack-trace { display: none;} 
</style>
<script type="text/javascript">
<!--
function flip(e) {
  current = e.style.display;
  if (current == 'block') {
    e.style.display = 'none';
    return 0;
  }
  else {
    e.style.display = 'block';
    return 1;
  }
}

function toggleBox(szDivId, elem, msg1, msg2)
{
  var res = -1;  if (document.getElementById) {
    res = flip(document.getElementById(szDivId));
  }
  else if (document.all) {
    // this is the way old msie versions work
    res = flip(document.all[szDivId]);
  }
  if(elem) {
    if(res == 0) elem.innerHTML = msg1; else elem.innerHTML = msg2;
  }

}

function toggleAllBoxes() {
  if (document.getElementsByTagName) {
    d = document.getElementsByTagName('div');
    for (i = 0; i < d.length; i++) {
      if (d[i].className == 'log') {
        flip(d[i]);
      }
    }
  }
}

// -->
</script>

</head>
<body>
<h2 align='center'>Command line test</h2><table border='1' align="center">
<tr>
<td>Tests passed/Failed/Skipped:</td><td>1/6/0</td>
</tr><tr>
<td>Started on:</td><td>Wed Oct 02 16:11:52 IST 2024</td>
</tr>
<tr><td>Total time:</td><td>24 seconds (24331 ms)</td>
</tr><tr>
<td>Included groups:</td><td></td>
</tr><tr>
<td>Excluded groups:</td><td></td>
</tr>
</table><p/>
<small><i>(Hover the method name to see the test class name)</i></small><p/>
<table width='100%' border='1' class='invocation-failed'>
<tr><td colspan='4' align='center'><b>FAILED TESTS</b></td></tr>
<tr><td><b>Test method</b></td>
<td><b>Attribute(s)</b></td>
<td width="30%"><b>Exception</b></td>
<td width="10%"><b>Time (seconds)</b></td>
<td><b>Instance</b></td>
</tr>
<tr>
<td title='webTestCases.Module1_Registration.tc001_VerifyRegistrationWithValidData()'><b>tc001_VerifyRegistrationWithValidData</b><br>Test class: webTestCases.Module1_Registration<br/>
<a href="#Output-871153004" onClick='toggleBox("Output-871153004", this, "Show output", "Hide output");'>Show output</a>

<a href="#Output-871153004" onClick="toggleAllBoxes();">Show all outputs</a>
<div class='log' id="Output-871153004">
MapData : {DomainName=testdemouser, FirstName=Karthick, TCNO=tc001, LastName=TestUser, Password=Ka@12345}<br/>
Failed to read data - Exception : java.lang.NullPointerException: Cannot invoke "com.aventstack.extentreports.ExtentTest.log(com.aventstack.extentreports.Status, String)" because "this.test" is null<br/>
</div>
</td>
<td><div><pre>java.lang.NullPointerException: Cannot invoke &quot;com.aventstack.extentreports.ExtentTest.log(com.aventstack.extentreports.Status, String)&quot; because &quot;this.test&quot; is null
	at genericLib.Utilities.readFromGoogleSheetForUniqueDataInSingleRowTable(Utilities.java:606)
	at webTestCases.Module1_Registration.tc001_VerifyRegistrationWithValidData(Module1_Registration.java:15)
	at java.base/java.util.ArrayList.forEach(ArrayList.java:1597)
	at webTestCases.TestRunner.main(TestRunner.java:13)
... Removed 22 stack frames</pre></div><a href='#' onClick='toggleBox("stack-trace871153004", this, "Click to show all stack frames", "Click to hide stack frames")'>Click to show all stack frames</a>
<div class='stack-trace' id='stack-trace871153004'><pre>java.lang.NullPointerException: Cannot invoke &quot;com.aventstack.extentreports.ExtentTest.log(com.aventstack.extentreports.Status, String)&quot; because &quot;this.test&quot; is null
	at genericLib.Utilities.readFromGoogleSheetForUniqueDataInSingleRowTable(Utilities.java:606)
	at webTestCases.Module1_Registration.tc001_VerifyRegistrationWithValidData(Module1_Registration.java:15)
	at java.base/jdk.internal.reflect.DirectMethodHandleAccessor.invoke(DirectMethodHandleAccessor.java:103)
	at java.base/java.lang.reflect.Method.invoke(Method.java:580)
	at org.testng.internal.invokers.MethodInvocationHelper.invokeMethod(MethodInvocationHelper.java:141)
	at org.testng.internal.invokers.TestInvoker.invokeMethod(TestInvoker.java:686)
	at org.testng.internal.invokers.TestInvoker.invokeTestMethod(TestInvoker.java:230)
	at org.testng.internal.invokers.MethodRunner.runInSequence(MethodRunner.java:63)
	at org.testng.internal.invokers.TestInvoker$MethodInvocationAgent.invoke(TestInvoker.java:992)
	at org.testng.internal.invokers.TestInvoker.invokeTestMethods(TestInvoker.java:203)
	at org.testng.internal.invokers.TestMethodWorker.invokeTestMethods(TestMethodWorker.java:154)
	at org.testng.internal.invokers.TestMethodWorker.run(TestMethodWorker.java:134)
	at java.base/java.util.ArrayList.forEach(ArrayList.java:1597)
	at org.testng.TestRunner.privateRun(TestRunner.java:739)
	at org.testng.TestRunner.run(TestRunner.java:614)
	at org.testng.SuiteRunner.runTest(SuiteRunner.java:421)
	at org.testng.SuiteRunner.runSequentially(SuiteRunner.java:413)
	at org.testng.SuiteRunner.privateRun(SuiteRunner.java:373)
	at org.testng.SuiteRunner.run(SuiteRunner.java:312)
	at org.testng.SuiteRunnerWorker.runSuite(SuiteRunnerWorker.java:52)
	at org.testng.SuiteRunnerWorker.run(SuiteRunnerWorker.java:95)
	at org.testng.TestNG.runSuitesSequentially(TestNG.java:1274)
	at org.testng.TestNG.runSuitesLocally(TestNG.java:1208)
	at org.testng.TestNG.runSuites(TestNG.java:1112)
	at org.testng.TestNG.run(TestNG.java:1079)
	at webTestCases.TestRunner.main(TestRunner.java:13)
</pre></div></td>
<td>2</td>
<td>webTestCases.Module1_Registration@59662a0b</td></tr>
<tr>
<td title='webTestCases.Module3_Search.tc007_VerifySearchWithValidData()'><b>tc007_VerifySearchWithValidData</b><br>Test class: webTestCases.Module3_Search<br/>
<a href="#Output-1354001956" onClick='toggleBox("Output-1354001956", this, "Show output", "Hide output");'>Show output</a>

<a href="#Output-1354001956" onClick="toggleAllBoxes();">Show all outputs</a>
<div class='log' id="Output-1354001956">
MapData : {TCNO=tc007, SearchText=Computer}<br/>
Failed to read data - Exception : java.lang.NullPointerException: Cannot invoke "com.aventstack.extentreports.ExtentTest.log(com.aventstack.extentreports.Status, String)" because "this.test" is null<br/>
</div>
</td>
<td><div><pre>java.lang.NullPointerException: Cannot invoke &quot;com.aventstack.extentreports.ExtentTest.log(com.aventstack.extentreports.Status, String)&quot; because &quot;this.test&quot; is null
	at genericLib.Utilities.readFromGoogleSheetForUniqueDataInSingleRowTable(Utilities.java:606)
	at webTestCases.Module3_Search.tc007_VerifySearchWithValidData(Module3_Search.java:16)
	at java.base/java.util.ArrayList.forEach(ArrayList.java:1597)
	at webTestCases.TestRunner.main(TestRunner.java:13)
... Removed 22 stack frames</pre></div><a href='#' onClick='toggleBox("stack-trace1354001956", this, "Click to show all stack frames", "Click to hide stack frames")'>Click to show all stack frames</a>
<div class='stack-trace' id='stack-trace1354001956'><pre>java.lang.NullPointerException: Cannot invoke &quot;com.aventstack.extentreports.ExtentTest.log(com.aventstack.extentreports.Status, String)&quot; because &quot;this.test&quot; is null
	at genericLib.Utilities.readFromGoogleSheetForUniqueDataInSingleRowTable(Utilities.java:606)
	at webTestCases.Module3_Search.tc007_VerifySearchWithValidData(Module3_Search.java:16)
	at java.base/jdk.internal.reflect.DirectMethodHandleAccessor.invoke(DirectMethodHandleAccessor.java:103)
	at java.base/java.lang.reflect.Method.invoke(Method.java:580)
	at org.testng.internal.invokers.MethodInvocationHelper.invokeMethod(MethodInvocationHelper.java:141)
	at org.testng.internal.invokers.TestInvoker.invokeMethod(TestInvoker.java:686)
	at org.testng.internal.invokers.TestInvoker.invokeTestMethod(TestInvoker.java:230)
	at org.testng.internal.invokers.MethodRunner.runInSequence(MethodRunner.java:63)
	at org.testng.internal.invokers.TestInvoker$MethodInvocationAgent.invoke(TestInvoker.java:992)
	at org.testng.internal.invokers.TestInvoker.invokeTestMethods(TestInvoker.java:203)
	at org.testng.internal.invokers.TestMethodWorker.invokeTestMethods(TestMethodWorker.java:154)
	at org.testng.internal.invokers.TestMethodWorker.run(TestMethodWorker.java:134)
	at java.base/java.util.ArrayList.forEach(ArrayList.java:1597)
	at org.testng.TestRunner.privateRun(TestRunner.java:739)
	at org.testng.TestRunner.run(TestRunner.java:614)
	at org.testng.SuiteRunner.runTest(SuiteRunner.java:421)
	at org.testng.SuiteRunner.runSequentially(SuiteRunner.java:413)
	at org.testng.SuiteRunner.privateRun(SuiteRunner.java:373)
	at org.testng.SuiteRunner.run(SuiteRunner.java:312)
	at org.testng.SuiteRunnerWorker.runSuite(SuiteRunnerWorker.java:52)
	at org.testng.SuiteRunnerWorker.run(SuiteRunnerWorker.java:95)
	at org.testng.TestNG.runSuitesSequentially(TestNG.java:1274)
	at org.testng.TestNG.runSuitesLocally(TestNG.java:1208)
	at org.testng.TestNG.runSuites(TestNG.java:1112)
	at org.testng.TestNG.run(TestNG.java:1079)
	at webTestCases.TestRunner.main(TestRunner.java:13)
</pre></div></td>
<td>0</td>
<td>webTestCases.Module3_Search@747ddf94</td></tr>
<tr>
<td title='webTestCases.Module2_Login.tc004_VerifyLoginWithValidCredentials()'><b>tc004_VerifyLoginWithValidCredentials</b><br>Test class: webTestCases.Module2_Login<br/>
<a href="#Output-368040556" onClick='toggleBox("Output-368040556", this, "Show output", "Hide output");'>Show output</a>

<a href="#Output-368040556" onClick="toggleAllBoxes();">Show all outputs</a>
<div class='log' id="Output-368040556">
MapData : {Email=mkar@gmail.com, TCNO=tc004, Password=Ka@12345}<br/>
Failed to read data - Exception : java.lang.NullPointerException: Cannot invoke "com.aventstack.extentreports.ExtentTest.log(com.aventstack.extentreports.Status, String)" because "this.test" is null<br/>
</div>
</td>
<td><div><pre>java.lang.NullPointerException: Cannot invoke &quot;com.aventstack.extentreports.ExtentTest.log(com.aventstack.extentreports.Status, String)&quot; because &quot;this.test&quot; is null
	at genericLib.Utilities.readFromGoogleSheetForUniqueDataInSingleRowTable(Utilities.java:606)
	at webTestCases.Module2_Login.tc004_VerifyLoginWithValidCredentials(Module2_Login.java:15)
	at java.base/java.util.ArrayList.forEach(ArrayList.java:1597)
	at webTestCases.TestRunner.main(TestRunner.java:13)
... Removed 22 stack frames</pre></div><a href='#' onClick='toggleBox("stack-trace368040556", this, "Click to show all stack frames", "Click to hide stack frames")'>Click to show all stack frames</a>
<div class='stack-trace' id='stack-trace368040556'><pre>java.lang.NullPointerException: Cannot invoke &quot;com.aventstack.extentreports.ExtentTest.log(com.aventstack.extentreports.Status, String)&quot; because &quot;this.test&quot; is null
	at genericLib.Utilities.readFromGoogleSheetForUniqueDataInSingleRowTable(Utilities.java:606)
	at webTestCases.Module2_Login.tc004_VerifyLoginWithValidCredentials(Module2_Login.java:15)
	at java.base/jdk.internal.reflect.DirectMethodHandleAccessor.invoke(DirectMethodHandleAccessor.java:103)
	at java.base/java.lang.reflect.Method.invoke(Method.java:580)
	at org.testng.internal.invokers.MethodInvocationHelper.invokeMethod(MethodInvocationHelper.java:141)
	at org.testng.internal.invokers.TestInvoker.invokeMethod(TestInvoker.java:686)
	at org.testng.internal.invokers.TestInvoker.invokeTestMethod(TestInvoker.java:230)
	at org.testng.internal.invokers.MethodRunner.runInSequence(MethodRunner.java:63)
	at org.testng.internal.invokers.TestInvoker$MethodInvocationAgent.invoke(TestInvoker.java:992)
	at org.testng.internal.invokers.TestInvoker.invokeTestMethods(TestInvoker.java:203)
	at org.testng.internal.invokers.TestMethodWorker.invokeTestMethods(TestMethodWorker.java:154)
	at org.testng.internal.invokers.TestMethodWorker.run(TestMethodWorker.java:134)
	at java.base/java.util.ArrayList.forEach(ArrayList.java:1597)
	at org.testng.TestRunner.privateRun(TestRunner.java:739)
	at org.testng.TestRunner.run(TestRunner.java:614)
	at org.testng.SuiteRunner.runTest(SuiteRunner.java:421)
	at org.testng.SuiteRunner.runSequentially(SuiteRunner.java:413)
	at org.testng.SuiteRunner.privateRun(SuiteRunner.java:373)
	at org.testng.SuiteRunner.run(SuiteRunner.java:312)
	at org.testng.SuiteRunnerWorker.runSuite(SuiteRunnerWorker.java:52)
	at org.testng.SuiteRunnerWorker.run(SuiteRunnerWorker.java:95)
	at org.testng.TestNG.runSuitesSequentially(TestNG.java:1274)
	at org.testng.TestNG.runSuitesLocally(TestNG.java:1208)
	at org.testng.TestNG.runSuites(TestNG.java:1112)
	at org.testng.TestNG.run(TestNG.java:1079)
	at webTestCases.TestRunner.main(TestRunner.java:13)
</pre></div></td>
<td>0</td>
<td>webTestCases.Module2_Login@2f9f7dcf</td></tr>
<tr>
<td title='webTestCases.Module1_Registration.tc002_VerifyRegistrationWithInValidEmail()'><b>tc002_VerifyRegistrationWithInValidEmail</b><br>Test class: webTestCases.Module1_Registration<br/>
<a href="#Output-758705661" onClick='toggleBox("Output-758705661", this, "Show output", "Hide output");'>Show output</a>

<a href="#Output-758705661" onClick="toggleAllBoxes();">Show all outputs</a>
<div class='log' id="Output-758705661">
MapData : {InvalidEmail=testdemouser, FirstName=Karthick, TCNO=tc002, LastName=TestUser, Password=Ka@12345}<br/>
Failed to read data - Exception : java.lang.NullPointerException: Cannot invoke "com.aventstack.extentreports.ExtentTest.log(com.aventstack.extentreports.Status, String)" because "this.test" is null<br/>
</div>
</td>
<td><div><pre>java.lang.NullPointerException: Cannot invoke &quot;com.aventstack.extentreports.ExtentTest.log(com.aventstack.extentreports.Status, String)&quot; because &quot;this.test&quot; is null
	at genericLib.Utilities.readFromGoogleSheetForUniqueDataInSingleRowTable(Utilities.java:606)
	at webTestCases.Module1_Registration.tc002_VerifyRegistrationWithInValidEmail(Module1_Registration.java:36)
	at java.base/java.util.ArrayList.forEach(ArrayList.java:1597)
	at webTestCases.TestRunner.main(TestRunner.java:13)
... Removed 22 stack frames</pre></div><a href='#' onClick='toggleBox("stack-trace758705661", this, "Click to show all stack frames", "Click to hide stack frames")'>Click to show all stack frames</a>
<div class='stack-trace' id='stack-trace758705661'><pre>java.lang.NullPointerException: Cannot invoke &quot;com.aventstack.extentreports.ExtentTest.log(com.aventstack.extentreports.Status, String)&quot; because &quot;this.test&quot; is null
	at genericLib.Utilities.readFromGoogleSheetForUniqueDataInSingleRowTable(Utilities.java:606)
	at webTestCases.Module1_Registration.tc002_VerifyRegistrationWithInValidEmail(Module1_Registration.java:36)
	at java.base/jdk.internal.reflect.DirectMethodHandleAccessor.invoke(DirectMethodHandleAccessor.java:103)
	at java.base/java.lang.reflect.Method.invoke(Method.java:580)
	at org.testng.internal.invokers.MethodInvocationHelper.invokeMethod(MethodInvocationHelper.java:141)
	at org.testng.internal.invokers.TestInvoker.invokeMethod(TestInvoker.java:686)
	at org.testng.internal.invokers.TestInvoker.invokeTestMethod(TestInvoker.java:230)
	at org.testng.internal.invokers.MethodRunner.runInSequence(MethodRunner.java:63)
	at org.testng.internal.invokers.TestInvoker$MethodInvocationAgent.invoke(TestInvoker.java:992)
	at org.testng.internal.invokers.TestInvoker.invokeTestMethods(TestInvoker.java:203)
	at org.testng.internal.invokers.TestMethodWorker.invokeTestMethods(TestMethodWorker.java:154)
	at org.testng.internal.invokers.TestMethodWorker.run(TestMethodWorker.java:134)
	at java.base/java.util.ArrayList.forEach(ArrayList.java:1597)
	at org.testng.TestRunner.privateRun(TestRunner.java:739)
	at org.testng.TestRunner.run(TestRunner.java:614)
	at org.testng.SuiteRunner.runTest(SuiteRunner.java:421)
	at org.testng.SuiteRunner.runSequentially(SuiteRunner.java:413)
	at org.testng.SuiteRunner.privateRun(SuiteRunner.java:373)
	at org.testng.SuiteRunner.run(SuiteRunner.java:312)
	at org.testng.SuiteRunnerWorker.runSuite(SuiteRunnerWorker.java:52)
	at org.testng.SuiteRunnerWorker.run(SuiteRunnerWorker.java:95)
	at org.testng.TestNG.runSuitesSequentially(TestNG.java:1274)
	at org.testng.TestNG.runSuitesLocally(TestNG.java:1208)
	at org.testng.TestNG.runSuites(TestNG.java:1112)
	at org.testng.TestNG.run(TestNG.java:1079)
	at webTestCases.TestRunner.main(TestRunner.java:13)
</pre></div></td>
<td>0</td>
<td>webTestCases.Module1_Registration@59662a0b</td></tr>
<tr>
<td title='webTestCases.Module1_Registration.tc003_VerifyRegistrationWithAlreadyRegisteredData()'><b>tc003_VerifyRegistrationWithAlreadyRegisteredData</b><br>Test class: webTestCases.Module1_Registration<br/>
<a href="#Output-1014565006" onClick='toggleBox("Output-1014565006", this, "Show output", "Hide output");'>Show output</a>

<a href="#Output-1014565006" onClick="toggleAllBoxes();">Show all outputs</a>
<div class='log' id="Output-1014565006">
MapData : {RegisteredEmail=mkar@gmail.com, FirstName=Karthick, TCNO=tc003, LastName=TestUser, Password=Ka@12345}<br/>
Failed to read data - Exception : java.lang.NullPointerException: Cannot invoke "com.aventstack.extentreports.ExtentTest.log(com.aventstack.extentreports.Status, String)" because "this.test" is null<br/>
</div>
</td>
<td><div><pre>java.lang.NullPointerException: Cannot invoke &quot;com.aventstack.extentreports.ExtentTest.log(com.aventstack.extentreports.Status, String)&quot; because &quot;this.test&quot; is null
	at genericLib.Utilities.readFromGoogleSheetForUniqueDataInSingleRowTable(Utilities.java:606)
	at webTestCases.Module1_Registration.tc003_VerifyRegistrationWithAlreadyRegisteredData(Module1_Registration.java:57)
	at java.base/java.util.ArrayList.forEach(ArrayList.java:1597)
	at webTestCases.TestRunner.main(TestRunner.java:13)
... Removed 22 stack frames</pre></div><a href='#' onClick='toggleBox("stack-trace1014565006", this, "Click to show all stack frames", "Click to hide stack frames")'>Click to show all stack frames</a>
<div class='stack-trace' id='stack-trace1014565006'><pre>java.lang.NullPointerException: Cannot invoke &quot;com.aventstack.extentreports.ExtentTest.log(com.aventstack.extentreports.Status, String)&quot; because &quot;this.test&quot; is null
	at genericLib.Utilities.readFromGoogleSheetForUniqueDataInSingleRowTable(Utilities.java:606)
	at webTestCases.Module1_Registration.tc003_VerifyRegistrationWithAlreadyRegisteredData(Module1_Registration.java:57)
	at java.base/jdk.internal.reflect.DirectMethodHandleAccessor.invoke(DirectMethodHandleAccessor.java:103)
	at java.base/java.lang.reflect.Method.invoke(Method.java:580)
	at org.testng.internal.invokers.MethodInvocationHelper.invokeMethod(MethodInvocationHelper.java:141)
	at org.testng.internal.invokers.TestInvoker.invokeMethod(TestInvoker.java:686)
	at org.testng.internal.invokers.TestInvoker.invokeTestMethod(TestInvoker.java:230)
	at org.testng.internal.invokers.MethodRunner.runInSequence(MethodRunner.java:63)
	at org.testng.internal.invokers.TestInvoker$MethodInvocationAgent.invoke(TestInvoker.java:992)
	at org.testng.internal.invokers.TestInvoker.invokeTestMethods(TestInvoker.java:203)
	at org.testng.internal.invokers.TestMethodWorker.invokeTestMethods(TestMethodWorker.java:154)
	at org.testng.internal.invokers.TestMethodWorker.run(TestMethodWorker.java:134)
	at java.base/java.util.ArrayList.forEach(ArrayList.java:1597)
	at org.testng.TestRunner.privateRun(TestRunner.java:739)
	at org.testng.TestRunner.run(TestRunner.java:614)
	at org.testng.SuiteRunner.runTest(SuiteRunner.java:421)
	at org.testng.SuiteRunner.runSequentially(SuiteRunner.java:413)
	at org.testng.SuiteRunner.privateRun(SuiteRunner.java:373)
	at org.testng.SuiteRunner.run(SuiteRunner.java:312)
	at org.testng.SuiteRunnerWorker.runSuite(SuiteRunnerWorker.java:52)
	at org.testng.SuiteRunnerWorker.run(SuiteRunnerWorker.java:95)
	at org.testng.TestNG.runSuitesSequentially(TestNG.java:1274)
	at org.testng.TestNG.runSuitesLocally(TestNG.java:1208)
	at org.testng.TestNG.runSuites(TestNG.java:1112)
	at org.testng.TestNG.run(TestNG.java:1079)
	at webTestCases.TestRunner.main(TestRunner.java:13)
</pre></div></td>
<td>0</td>
<td>webTestCases.Module1_Registration@59662a0b</td></tr>
<tr>
<td title='webTestCases.Module2_Login.tc005_VerifyLoginWithInValidCredentials()'><b>tc005_VerifyLoginWithInValidCredentials</b><br>Test class: webTestCases.Module2_Login<br/>
<a href="#Output-1779615656" onClick='toggleBox("Output-1779615656", this, "Show output", "Hide output");'>Show output</a>

<a href="#Output-1779615656" onClick="toggleAllBoxes();">Show all outputs</a>
<div class='log' id="Output-1779615656">
MapData : {Email=mkar@gmail.com, TCNO=tc005, InvalidPwd=Ka@123456}<br/>
Failed to read data - Exception : java.lang.NullPointerException: Cannot invoke "com.aventstack.extentreports.ExtentTest.log(com.aventstack.extentreports.Status, String)" because "this.test" is null<br/>
</div>
</td>
<td><div><pre>java.lang.NullPointerException: Cannot invoke &quot;com.aventstack.extentreports.ExtentTest.log(com.aventstack.extentreports.Status, String)&quot; because &quot;this.test&quot; is null
	at genericLib.Utilities.readFromGoogleSheetForUniqueDataInSingleRowTable(Utilities.java:606)
	at webTestCases.Module2_Login.tc005_VerifyLoginWithInValidCredentials(Module2_Login.java:30)
	at java.base/java.util.ArrayList.forEach(ArrayList.java:1597)
	at webTestCases.TestRunner.main(TestRunner.java:13)
... Removed 22 stack frames</pre></div><a href='#' onClick='toggleBox("stack-trace1779615656", this, "Click to show all stack frames", "Click to hide stack frames")'>Click to show all stack frames</a>
<div class='stack-trace' id='stack-trace1779615656'><pre>java.lang.NullPointerException: Cannot invoke &quot;com.aventstack.extentreports.ExtentTest.log(com.aventstack.extentreports.Status, String)&quot; because &quot;this.test&quot; is null
	at genericLib.Utilities.readFromGoogleSheetForUniqueDataInSingleRowTable(Utilities.java:606)
	at webTestCases.Module2_Login.tc005_VerifyLoginWithInValidCredentials(Module2_Login.java:30)
	at java.base/jdk.internal.reflect.DirectMethodHandleAccessor.invoke(DirectMethodHandleAccessor.java:103)
	at java.base/java.lang.reflect.Method.invoke(Method.java:580)
	at org.testng.internal.invokers.MethodInvocationHelper.invokeMethod(MethodInvocationHelper.java:141)
	at org.testng.internal.invokers.TestInvoker.invokeMethod(TestInvoker.java:686)
	at org.testng.internal.invokers.TestInvoker.invokeTestMethod(TestInvoker.java:230)
	at org.testng.internal.invokers.MethodRunner.runInSequence(MethodRunner.java:63)
	at org.testng.internal.invokers.TestInvoker$MethodInvocationAgent.invoke(TestInvoker.java:992)
	at org.testng.internal.invokers.TestInvoker.invokeTestMethods(TestInvoker.java:203)
	at org.testng.internal.invokers.TestMethodWorker.invokeTestMethods(TestMethodWorker.java:154)
	at org.testng.internal.invokers.TestMethodWorker.run(TestMethodWorker.java:134)
	at java.base/java.util.ArrayList.forEach(ArrayList.java:1597)
	at org.testng.TestRunner.privateRun(TestRunner.java:739)
	at org.testng.TestRunner.run(TestRunner.java:614)
	at org.testng.SuiteRunner.runTest(SuiteRunner.java:421)
	at org.testng.SuiteRunner.runSequentially(SuiteRunner.java:413)
	at org.testng.SuiteRunner.privateRun(SuiteRunner.java:373)
	at org.testng.SuiteRunner.run(SuiteRunner.java:312)
	at org.testng.SuiteRunnerWorker.runSuite(SuiteRunnerWorker.java:52)
	at org.testng.SuiteRunnerWorker.run(SuiteRunnerWorker.java:95)
	at org.testng.TestNG.runSuitesSequentially(TestNG.java:1274)
	at org.testng.TestNG.runSuitesLocally(TestNG.java:1208)
	at org.testng.TestNG.runSuites(TestNG.java:1112)
	at org.testng.TestNG.run(TestNG.java:1079)
	at webTestCases.TestRunner.main(TestRunner.java:13)
</pre></div></td>
<td>0</td>
<td>webTestCases.Module2_Login@2f9f7dcf</td></tr>
</table><p>
<table width='100%' border='1' class='invocation-passed'>
<tr><td colspan='4' align='center'><b>PASSED TESTS</b></td></tr>
<tr><td><b>Test method</b></td>
<td><b>Attribute(s)</b></td>
<td width="30%"><b>Exception</b></td>
<td width="10%"><b>Time (seconds)</b></td>
<td><b>Instance</b></td>
</tr>
<tr>
<td title='webTestCases.Module2_Login.tc006_VerifyLoginWithNoCredentials()'><b>tc006_VerifyLoginWithNoCredentials</b><br>Test class: webTestCases.Module2_Login<br/>
<a href="#Output-1692915352" onClick='toggleBox("Output-1692915352", this, "Show output", "Hide output");'>Show output</a>

<a href="#Output-1692915352" onClick="toggleAllBoxes();">Show all outputs</a>
<div class='log' id="Output-1692915352">
MapData : {Environment=Prod, URL=https://demowebshop.tricentis.com/}<br/>
Edge browser launched<br/>
Browser maximized<br/>
Navigated to https://demowebshop.tricentis.com/<br/>
Implicit wait set to 5 seconds<br/>
Register Link is displayed<br/>
Clicked on LogIn Link<br/>
Welcome Text is displayed<br/>
Clicked on Login button<br/>
No account found Msg is displayed<br/>
</div>
</td>
<td></td>
<td>17</td>
<td>webTestCases.Module2_Login@2f9f7dcf</td></tr>
</table><p>
</body>
</html>