<?xml version="1.0" encoding="UTF-8"?>
<!-- Generated by org.testng.reporters.JUnitXMLReporter -->
<testsuite ignored="4" hostname="FFE-Karthick-M" failures="6" tests="7" name="Command line test" time="24.331" errors="0" timestamp="2024-10-02T16:12:16 IST">
  <testcase classname="webTestCases.Module1_Registration" name="tc001_VerifyRegistrationWithValidData" time="2.165">
    <failure type="java.lang.NullPointerException" message="Cannot invoke &amp;quot;com.aventstack.extentreports.ExtentTest.log(com.aventstack.extentreports.Status, String)&amp;quot; because &amp;quot;this.test&amp;quot; is null">
      <![CDATA[java.lang.NullPointerException: Cannot invoke "com.aventstack.extentreports.ExtentTest.log(com.aventstack.extentreports.Status, String)" because "this.test" is null
at genericLib.Utilities.readFromGoogleSheetForUniqueDataInSingleRowTable(Utilities.java:606)
at webTestCases.Module1_Registration.tc001_VerifyRegistrationWithValidData(Module1_Registration.java:15)
at java.base/java.util.ArrayList.forEach(ArrayList.java:1597)
at webTestCases.TestRunner.main(TestRunner.java:13)
... Removed 22 stack frames]]>
    </failure>
  </testcase> <!-- tc001_VerifyRegistrationWithValidData -->
  <testcase classname="webTestCases.Module1_Registration" name="tc002_VerifyRegistrationWithInValidEmail" time="0.601">
    <failure type="java.lang.NullPointerException" message="Cannot invoke &amp;quot;com.aventstack.extentreports.ExtentTest.log(com.aventstack.extentreports.Status, String)&amp;quot; because &amp;quot;this.test&amp;quot; is null">
      <![CDATA[java.lang.NullPointerException: Cannot invoke "com.aventstack.extentreports.ExtentTest.log(com.aventstack.extentreports.Status, String)" because "this.test" is null
at genericLib.Utilities.readFromGoogleSheetForUniqueDataInSingleRowTable(Utilities.java:606)
at webTestCases.Module1_Registration.tc002_VerifyRegistrationWithInValidEmail(Module1_Registration.java:36)
at java.base/java.util.ArrayList.forEach(ArrayList.java:1597)
at webTestCases.TestRunner.main(TestRunner.java:13)
... Removed 22 stack frames]]>
    </failure>
  </testcase> <!-- tc002_VerifyRegistrationWithInValidEmail -->
  <testcase classname="webTestCases.Module1_Registration" name="tc003_VerifyRegistrationWithAlreadyRegisteredData" time="0.607">
    <failure type="java.lang.NullPointerException" message="Cannot invoke &amp;quot;com.aventstack.extentreports.ExtentTest.log(com.aventstack.extentreports.Status, String)&amp;quot; because &amp;quot;this.test&amp;quot; is null">
      <![CDATA[java.lang.NullPointerException: Cannot invoke "com.aventstack.extentreports.ExtentTest.log(com.aventstack.extentreports.Status, String)" because "this.test" is null
at genericLib.Utilities.readFromGoogleSheetForUniqueDataInSingleRowTable(Utilities.java:606)
at webTestCases.Module1_Registration.tc003_VerifyRegistrationWithAlreadyRegisteredData(Module1_Registration.java:57)
at java.base/java.util.ArrayList.forEach(ArrayList.java:1597)
at webTestCases.TestRunner.main(TestRunner.java:13)
... Removed 22 stack frames]]>
    </failure>
  </testcase> <!-- tc003_VerifyRegistrationWithAlreadyRegisteredData -->
  <testcase classname="webTestCases.Module2_Login" name="tc004_VerifyLoginWithValidCredentials" time="0.51">
    <failure type="java.lang.NullPointerException" message="Cannot invoke &amp;quot;com.aventstack.extentreports.ExtentTest.log(com.aventstack.extentreports.Status, String)&amp;quot; because &amp;quot;this.test&amp;quot; is null">
      <![CDATA[java.lang.NullPointerException: Cannot invoke "com.aventstack.extentreports.ExtentTest.log(com.aventstack.extentreports.Status, String)" because "this.test" is null
at genericLib.Utilities.readFromGoogleSheetForUniqueDataInSingleRowTable(Utilities.java:606)
at webTestCases.Module2_Login.tc004_VerifyLoginWithValidCredentials(Module2_Login.java:15)
at java.base/java.util.ArrayList.forEach(ArrayList.java:1597)
at webTestCases.TestRunner.main(TestRunner.java:13)
... Removed 22 stack frames]]>
    </failure>
  </testcase> <!-- tc004_VerifyLoginWithValidCredentials -->
  <testcase classname="webTestCases.Module2_Login" name="tc005_VerifyLoginWithInValidCredentials" time="0.77">
    <failure type="java.lang.NullPointerException" message="Cannot invoke &amp;quot;com.aventstack.extentreports.ExtentTest.log(com.aventstack.extentreports.Status, String)&amp;quot; because &amp;quot;this.test&amp;quot; is null">
      <![CDATA[java.lang.NullPointerException: Cannot invoke "com.aventstack.extentreports.ExtentTest.log(com.aventstack.extentreports.Status, String)" because "this.test" is null
at genericLib.Utilities.readFromGoogleSheetForUniqueDataInSingleRowTable(Utilities.java:606)
at webTestCases.Module2_Login.tc005_VerifyLoginWithInValidCredentials(Module2_Login.java:30)
at java.base/java.util.ArrayList.forEach(ArrayList.java:1597)
at webTestCases.TestRunner.main(TestRunner.java:13)
... Removed 22 stack frames]]>
    </failure>
  </testcase> <!-- tc005_VerifyLoginWithInValidCredentials -->
  <testcase classname="webTestCases.Module2_Login" name="tc006_VerifyLoginWithNoCredentials" time="17.803"/>
  <testcase classname="webTestCases.Module3_Search" name="tc007_VerifySearchWithValidData" time="0.541">
    <failure type="java.lang.NullPointerException" message="Cannot invoke &amp;quot;com.aventstack.extentreports.ExtentTest.log(com.aventstack.extentreports.Status, String)&amp;quot; because &amp;quot;this.test&amp;quot; is null">
      <![CDATA[java.lang.NullPointerException: Cannot invoke "com.aventstack.extentreports.ExtentTest.log(com.aventstack.extentreports.Status, String)" because "this.test" is null
at genericLib.Utilities.readFromGoogleSheetForUniqueDataInSingleRowTable(Utilities.java:606)
at webTestCases.Module3_Search.tc007_VerifySearchWithValidData(Module3_Search.java:16)
at java.base/java.util.ArrayList.forEach(ArrayList.java:1597)
at webTestCases.TestRunner.main(TestRunner.java:13)
... Removed 22 stack frames]]>
    </failure>
  </testcase> <!-- tc007_VerifySearchWithValidData -->
  <testcase classname="genericLib.BaseClass" name="@BeforeSuite setUp" time="0.0">
    <ignored/>
  </testcase> <!-- @BeforeSuite setUp -->
  <testcase classname="genericLib.BaseClass" name="@AfterSuite upDateReport" time="0.0">
    <ignored/>
  </testcase> <!-- @AfterSuite upDateReport -->
  <testcase classname="genericLib.BaseClass" name="@AfterSuite upDateReport" time="0.0">
    <ignored/>
  </testcase> <!-- @AfterSuite upDateReport -->
  <testcase classname="genericLib.BaseClass" name="@BeforeSuite setUp" time="0.0">
    <ignored/>
  </testcase> <!-- @BeforeSuite setUp -->
</testsuite> <!-- Command line test -->
