<!DOCTYPE html>

<html>
  <head>
  <meta charset='utf-8'>
  <title>TestNG reports</title>

    <link type="text/css" href="testng-reports1.css" rel="stylesheet" id="ultra" />
    <link type="text/css" href="testng-reports.css" rel="stylesheet" id="retro" disabled="false"/>
    <script type="text/javascript" src="jquery-3.6.0.min.js"></script>
    <script type="text/javascript" src="testng-reports.js"></script>
    <script type="text/javascript" src="https://www.google.com/jsapi"></script>
    <script type='text/javascript'>
      google.load('visualization', '1', {packages:['table']});
      google.setOnLoadCallback(drawTable);
      var suiteTableInitFunctions = new Array();
      var suiteTableData = new Array();
    </script>
    <!--
      <script type="text/javascript" src="jquery-ui/js/jquery-ui-1.8.16.custom.min.js"></script>
     -->
  </head>

  <body>    <div class="top-banner-root">
      <span class="top-banner-title-font">Test results</span>
      <button id="button" class="button">Switch Retro Theme</button> <!-- button -->
      <br/>
      <span class="top-banner-font-1">1 suite, 1 failed test</span>
    </div> <!-- top-banner-root -->
    <div class="navigator-root">
      <div class="navigator-suite-header">
        <span>All suites</span>
        <a href="#" title="Collapse/expand all the suites" class="collapse-all-link">
          <img src="collapseall.gif" class="collapse-all-icon">
          </img> <!-- collapse-all-icon -->
        </a> <!-- collapse-all-link -->
      </div> <!-- navigator-suite-header -->
      <div class="suite">
        <div class="rounded-window">
          <div class="suite-header light-rounded-window-top">
            <a href="#" panel-name="suite-Suite" class="navigator-link">
              <span class="suite-name border-failed">Suite</span>
            </a> <!-- navigator-link -->
          </div> <!-- suite-header light-rounded-window-top -->
          <div class="navigator-suite-content">
            <div class="suite-section-title">
              <span>Info</span>
            </div> <!-- suite-section-title -->
            <div class="suite-section-content">
              <ul>
                <li>
                  <a href="#" panel-name="test-xml-Suite" class="navigator-link ">
                    <span>D:\eclipse-workspace\AutomateSimply-DemoWebShop\RegressionTest.xml</span>
                  </a> <!-- navigator-link  -->
                </li>
                <li>
                  <a href="#" panel-name="testlist-Suite" class="navigator-link ">
                    <span class="test-stats">1 test</span>
                  </a> <!-- navigator-link  -->
                </li>
                <li>
                  <a href="#" panel-name="group-Suite" class="navigator-link ">
                    <span>0 groups</span>
                  </a> <!-- navigator-link  -->
                </li>
                <li>
                  <a href="#" panel-name="times-Suite" class="navigator-link ">
                    <span>Times</span>
                  </a> <!-- navigator-link  -->
                </li>
                <li>
                  <a href="#" panel-name="reporter-Suite" class="navigator-link ">
                    <span>Reporter output</span>
                  </a> <!-- navigator-link  -->
                </li>
                <li>
                  <a href="#" panel-name="ignored-methods-Suite" class="navigator-link ">
                    <span>Ignored methods</span>
                  </a> <!-- navigator-link  -->
                </li>
                <li>
                  <a href="#" panel-name="chronological-Suite" class="navigator-link ">
                    <span>Chronological view</span>
                  </a> <!-- navigator-link  -->
                </li>
              </ul>
            </div> <!-- suite-section-content -->
            <div class="result-section">
              <div class="suite-section-title">
                <span>Results</span>
              </div> <!-- suite-section-title -->
              <div class="suite-section-content">
                <ul>
                  <li>
                    <span class="method-stats">7 methods, 1 failed,   6 passed</span>
                  </li>
                  <li>
                    <span class="method-list-title failed">Failed methods</span>
                    <span class="show-or-hide-methods failed">
                      <a href="#" panel-name="suite-Suite" class="hide-methods failed suite-Suite"> (hide)</a> <!-- hide-methods failed suite-Suite -->
                      <a href="#" panel-name="suite-Suite" class="show-methods failed suite-Suite"> (show)</a> <!-- show-methods failed suite-Suite -->
                    </span>
                    <div class="method-list-content failed suite-Suite">
                      <span>
                        <img src="failed.png" width="3%"/>
                        <a href="#" panel-name="suite-Suite" title="webTestCases.Module3_Search" class="method navigator-link" hash-for-method="tc007_VerifySearchWithValidData">tc007_VerifySearchWithValidData</a> <!-- method navigator-link -->
                      </span>
                      <br/>
                    </div> <!-- method-list-content failed suite-Suite -->
                  </li>
                  <li>
                    <span class="method-list-title passed">Passed methods</span>
                    <span class="show-or-hide-methods passed">
                      <a href="#" panel-name="suite-Suite" class="hide-methods passed suite-Suite"> (hide)</a> <!-- hide-methods passed suite-Suite -->
                      <a href="#" panel-name="suite-Suite" class="show-methods passed suite-Suite"> (show)</a> <!-- show-methods passed suite-Suite -->
                    </span>
                    <div class="method-list-content passed suite-Suite">
                      <span>
                        <img src="passed.png" width="3%"/>
                        <a href="#" panel-name="suite-Suite" title="webTestCases.Module1_Registration" class="method navigator-link" hash-for-method="tc001_VerifyRegistrationWithValidData">tc001_VerifyRegistrationWithValidData</a> <!-- method navigator-link -->
                      </span>
                      <br/>
                      <span>
                        <img src="passed.png" width="3%"/>
                        <a href="#" panel-name="suite-Suite" title="webTestCases.Module1_Registration" class="method navigator-link" hash-for-method="tc002_VerifyRegistrationWithInValidEmail">tc002_VerifyRegistrationWithInValidEmail</a> <!-- method navigator-link -->
                      </span>
                      <br/>
                      <span>
                        <img src="passed.png" width="3%"/>
                        <a href="#" panel-name="suite-Suite" title="webTestCases.Module1_Registration" class="method navigator-link" hash-for-method="tc003_VerifyRegistrationWithAlreadyRegisteredData">tc003_VerifyRegistrationWithAlreadyRegisteredData</a> <!-- method navigator-link -->
                      </span>
                      <br/>
                      <span>
                        <img src="passed.png" width="3%"/>
                        <a href="#" panel-name="suite-Suite" title="webTestCases.Module2_Login" class="method navigator-link" hash-for-method="tc004_VerifyLoginWithValidCredentials">tc004_VerifyLoginWithValidCredentials</a> <!-- method navigator-link -->
                      </span>
                      <br/>
                      <span>
                        <img src="passed.png" width="3%"/>
                        <a href="#" panel-name="suite-Suite" title="webTestCases.Module2_Login" class="method navigator-link" hash-for-method="tc005_VerifyLoginWithInValidCredentials">tc005_VerifyLoginWithInValidCredentials</a> <!-- method navigator-link -->
                      </span>
                      <br/>
                      <span>
                        <img src="passed.png" width="3%"/>
                        <a href="#" panel-name="suite-Suite" title="webTestCases.Module2_Login" class="method navigator-link" hash-for-method="tc006_VerifyLoginWithNoCredentials">tc006_VerifyLoginWithNoCredentials</a> <!-- method navigator-link -->
                      </span>
                      <br/>
                    </div> <!-- method-list-content passed suite-Suite -->
                  </li>
                </ul>
              </div> <!-- suite-section-content -->
            </div> <!-- result-section -->
          </div> <!-- navigator-suite-content -->
        </div> <!-- rounded-window -->
      </div> <!-- suite -->
    </div> <!-- navigator-root -->
    <div class="wrapper">
      <div class="main-panel-root">
        <div panel-name="suite-Suite" class="panel Suite">
          <div class="suite-Suite-class-failed">
            <div class="main-panel-header rounded-window-top">
              <img src="failed.png"/>
              <span class="class-name">webTestCases.Module3_Search</span>
            </div> <!-- main-panel-header rounded-window-top -->
            <div class="main-panel-content rounded-window-bottom">
              <div class="method">
                <div class="method-content">
                  <a name="tc007_VerifySearchWithValidData">
                  </a> <!-- tc007_VerifySearchWithValidData -->
                  <span class="method-name">tc007_VerifySearchWithValidData</span>
                  <div class="stack-trace">org.openqa.selenium.ElementNotInteractableException: element not interactable
  (Session info: chrome=129.0.6668.70)
Build info: version: &apos;4.19.1&apos;, revision: &apos;abe0ee07dc&apos;
System info: os.name: &apos;Windows 11&apos;, os.arch: &apos;amd64&apos;, os.version: &apos;10.0&apos;, java.version: &apos;22.0.1&apos;
Driver info: org.openqa.selenium.chrome.ChromeDriver
Command: [37a6e14c3c38c02b0a363a3609b6e359, clickElement {id=f.1AD5C8A24DC2B7FA6F697DFEF152FF0B.d.437F8B660B430D283175BAF50FBF779E.e.140}]
Capabilities {acceptInsecureCerts: false, browserName: chrome, browserVersion: 129.0.6668.70, chrome: {chromedriverVersion: 129.0.6668.70 (df87d5cf12b1..., userDataDir: C:\Users\User\AppData\Local...}, fedcm:accounts: true, goog:chromeOptions: {debuggerAddress: localhost:60778}, networkConnectionEnabled: false, pageLoadStrategy: normal, platformName: windows, proxy: Proxy(), se:cdp: ws://localhost:60778/devtoo..., se:cdpVersion: 129.0.6668.70, setWindowRect: true, strictFileInteractability: false, timeouts: {implicit: 0, pageLoad: 300000, script: 30000}, unhandledPromptBehavior: dismiss and notify, webauthn:extension:credBlob: true, webauthn:extension:largeBlob: true, webauthn:extension:minPinLength: true, webauthn:extension:prf: true, webauthn:virtualAuthenticators: true}
Element: [[ChromeDriver: chrome on windows (37a6e14c3c38c02b0a363a3609b6e359)] -&gt; xpath: //ul[contains(@class,&apos;ui-menu&apos;)]/li/a[text()=&apos;Build your own cheap computer&apos;]]
Session ID: 37a6e14c3c38c02b0a363a3609b6e359
	at org.openqa.selenium.remote.ErrorCodec.decode(ErrorCodec.java:167)
	at org.openqa.selenium.remote.codec.w3c.W3CHttpResponseCodec.decode(W3CHttpResponseCodec.java:138)
	at org.openqa.selenium.remote.codec.w3c.W3CHttpResponseCodec.decode(W3CHttpResponseCodec.java:50)
	at org.openqa.selenium.remote.HttpCommandExecutor.execute(HttpCommandExecutor.java:190)
	at org.openqa.selenium.remote.service.DriverCommandExecutor.invokeExecute(DriverCommandExecutor.java:216)
	at org.openqa.selenium.remote.service.DriverCommandExecutor.execute(DriverCommandExecutor.java:174)
	at org.openqa.selenium.remote.RemoteWebDriver.execute(RemoteWebDriver.java:518)
	at org.openqa.selenium.remote.RemoteWebElement.execute(RemoteWebElement.java:223)
	at org.openqa.selenium.remote.RemoteWebElement.click(RemoteWebElement.java:76)
	at genericLib.Utilities.clickOn(Utilities.java:166)
	at webTestCases.Module3_Search.tc007_VerifySearchWithValidData(Module3_Search.java:27)
	at java.base/java.util.ArrayList.forEach(ArrayList.java:1597)
... Removed 28 stack frames
</div> <!-- stack-trace -->
                </div> <!-- method-content -->
              </div> <!-- method -->
            </div> <!-- main-panel-content rounded-window-bottom -->
          </div> <!-- suite-Suite-class-failed -->
          <div class="suite-Suite-class-passed">
            <div class="main-panel-header rounded-window-top">
              <img src="passed.png"/>
              <span class="class-name">webTestCases.Module1_Registration</span>
            </div> <!-- main-panel-header rounded-window-top -->
            <div class="main-panel-content rounded-window-bottom">
              <div class="method">
                <div class="method-content">
                  <a name="tc001_VerifyRegistrationWithValidData">
                  </a> <!-- tc001_VerifyRegistrationWithValidData -->
                  <span class="method-name">tc001_VerifyRegistrationWithValidData</span>
                </div> <!-- method-content -->
              </div> <!-- method -->
              <div class="method">
                <div class="method-content">
                  <a name="tc002_VerifyRegistrationWithInValidEmail">
                  </a> <!-- tc002_VerifyRegistrationWithInValidEmail -->
                  <span class="method-name">tc002_VerifyRegistrationWithInValidEmail</span>
                </div> <!-- method-content -->
              </div> <!-- method -->
              <div class="method">
                <div class="method-content">
                  <a name="tc003_VerifyRegistrationWithAlreadyRegisteredData">
                  </a> <!-- tc003_VerifyRegistrationWithAlreadyRegisteredData -->
                  <span class="method-name">tc003_VerifyRegistrationWithAlreadyRegisteredData</span>
                </div> <!-- method-content -->
              </div> <!-- method -->
            </div> <!-- main-panel-content rounded-window-bottom -->
          </div> <!-- suite-Suite-class-passed -->
          <div class="suite-Suite-class-passed">
            <div class="main-panel-header rounded-window-top">
              <img src="passed.png"/>
              <span class="class-name">webTestCases.Module2_Login</span>
            </div> <!-- main-panel-header rounded-window-top -->
            <div class="main-panel-content rounded-window-bottom">
              <div class="method">
                <div class="method-content">
                  <a name="tc004_VerifyLoginWithValidCredentials">
                  </a> <!-- tc004_VerifyLoginWithValidCredentials -->
                  <span class="method-name">tc004_VerifyLoginWithValidCredentials</span>
                </div> <!-- method-content -->
              </div> <!-- method -->
              <div class="method">
                <div class="method-content">
                  <a name="tc005_VerifyLoginWithInValidCredentials">
                  </a> <!-- tc005_VerifyLoginWithInValidCredentials -->
                  <span class="method-name">tc005_VerifyLoginWithInValidCredentials</span>
                </div> <!-- method-content -->
              </div> <!-- method -->
              <div class="method">
                <div class="method-content">
                  <a name="tc006_VerifyLoginWithNoCredentials">
                  </a> <!-- tc006_VerifyLoginWithNoCredentials -->
                  <span class="method-name">tc006_VerifyLoginWithNoCredentials</span>
                </div> <!-- method-content -->
              </div> <!-- method -->
            </div> <!-- main-panel-content rounded-window-bottom -->
          </div> <!-- suite-Suite-class-passed -->
        </div> <!-- panel Suite -->
        <div panel-name="test-xml-Suite" class="panel">
          <div class="main-panel-header rounded-window-top">
            <span class="header-content">D:\eclipse-workspace\AutomateSimply-DemoWebShop\RegressionTest.xml</span>
          </div> <!-- main-panel-header rounded-window-top -->
          <div class="main-panel-content rounded-window-bottom">
            <pre>
&lt;?xml version=&quot;1.0&quot; encoding=&quot;UTF-8&quot;?&gt;
&lt;!DOCTYPE suite SYSTEM &quot;https://testng.org/testng-1.0.dtd&quot;&gt;
&lt;suite name=&quot;Suite&quot; guice-stage=&quot;DEVELOPMENT&quot;&gt;
  &lt;test thread-count=&quot;5&quot; name=&quot;Test&quot;&gt;
    &lt;classes&gt;
      &lt;class name=&quot;webTestCases.Module1_Registration&quot;/&gt;
      &lt;class name=&quot;webTestCases.Module2_Login&quot;/&gt;
      &lt;class name=&quot;webTestCases.Module3_Search&quot;/&gt;
    &lt;/classes&gt;
  &lt;/test&gt; &lt;!-- Test --&gt;
&lt;/suite&gt; &lt;!-- Suite --&gt;
            </pre>
          </div> <!-- main-panel-content rounded-window-bottom -->
        </div> <!-- panel -->
        <div panel-name="testlist-Suite" class="panel">
          <div class="main-panel-header rounded-window-top">
            <span class="header-content">Tests for Suite</span>
          </div> <!-- main-panel-header rounded-window-top -->
          <div class="main-panel-content rounded-window-bottom">
            <ul>
              <li>
                <span class="test-name">Test (3 classes)</span>
              </li>
            </ul>
          </div> <!-- main-panel-content rounded-window-bottom -->
        </div> <!-- panel -->
        <div panel-name="group-Suite" class="panel">
          <div class="main-panel-header rounded-window-top">
            <span class="header-content">Groups for Suite</span>
          </div> <!-- main-panel-header rounded-window-top -->
          <div class="main-panel-content rounded-window-bottom">
          </div> <!-- main-panel-content rounded-window-bottom -->
        </div> <!-- panel -->
        <div panel-name="times-Suite" class="panel">
          <div class="main-panel-header rounded-window-top">
            <span class="header-content">Times for Suite</span>
          </div> <!-- main-panel-header rounded-window-top -->
          <div class="main-panel-content rounded-window-bottom">
            <div class="times-div">
              <script type="text/javascript">
suiteTableInitFunctions.push('tableData_Suite');
function tableData_Suite() {
var data = new google.visualization.DataTable();
data.addColumn('number', 'Number');
data.addColumn('string', 'Method');
data.addColumn('string', 'Class');
data.addColumn('number', 'Time (ms)');
data.addRows(7);
data.setCell(0, 0, 0)
data.setCell(0, 1, 'tc007_VerifySearchWithValidData')
data.setCell(0, 2, 'webTestCases.Module3_Search')
data.setCell(0, 3, 29316);
data.setCell(1, 0, 1)
data.setCell(1, 1, 'tc001_VerifyRegistrationWithValidData')
data.setCell(1, 2, 'webTestCases.Module1_Registration')
data.setCell(1, 3, 22554);
data.setCell(2, 0, 2)
data.setCell(2, 1, 'tc003_VerifyRegistrationWithAlreadyRegisteredData')
data.setCell(2, 2, 'webTestCases.Module1_Registration')
data.setCell(2, 3, 21146);
data.setCell(3, 0, 3)
data.setCell(3, 1, 'tc004_VerifyLoginWithValidCredentials')
data.setCell(3, 2, 'webTestCases.Module2_Login')
data.setCell(3, 3, 20870);
data.setCell(4, 0, 4)
data.setCell(4, 1, 'tc002_VerifyRegistrationWithInValidEmail')
data.setCell(4, 2, 'webTestCases.Module1_Registration')
data.setCell(4, 3, 20038);
data.setCell(5, 0, 5)
data.setCell(5, 1, 'tc005_VerifyLoginWithInValidCredentials')
data.setCell(5, 2, 'webTestCases.Module2_Login')
data.setCell(5, 3, 18020);
data.setCell(6, 0, 6)
data.setCell(6, 1, 'tc006_VerifyLoginWithNoCredentials')
data.setCell(6, 2, 'webTestCases.Module2_Login')
data.setCell(6, 3, 15847);
window.suiteTableData['Suite']= { tableData: data, tableDiv: 'times-div-Suite'}
return data;
}
              </script>
              <span class="suite-total-time">Total running time: 2 minutes</span>
              <div id="times-div-Suite">
              </div> <!-- times-div-Suite -->
            </div> <!-- times-div -->
          </div> <!-- main-panel-content rounded-window-bottom -->
        </div> <!-- panel -->
        <div panel-name="reporter-Suite" class="panel">
          <div class="main-panel-header rounded-window-top">
            <span class="header-content">Reporter output for Suite</span>
          </div> <!-- main-panel-header rounded-window-top -->
          <div class="main-panel-content rounded-window-bottom">
            <div class="reporter-method-div">
              <span class="reporter-method-name">tc005_VerifyLoginWithInValidCredentials</span>
              <div class="reporter-method-output-div">
                <span class="reporter-method-output">Firefox browser launched</span>
                <span class="reporter-method-output">Browser maximized</span>
                <span class="reporter-method-output">Navigated to https://demowebshop.tricentis.com/</span>
                <span class="reporter-method-output">Implicit wait set to 5 seconds</span>
                <span class="reporter-method-output">Register Link is displayed</span>
                <span class="reporter-method-output">Clicked on LogIn Link</span>
                <span class="reporter-method-output">Welcome Text is displayed</span>
                <span class="reporter-method-output">Entered mkar@gmail.com into Email TextField</span>
                <span class="reporter-method-output">Entered Ka@123456 into Password TextField</span>
                <span class="reporter-method-output">Clicked on Login button</span>
                <span class="reporter-method-output">Incorrect credentials Msg is displayed</span>
              </div> <!-- reporter-method-output-div -->
            </div> <!-- reporter-method-div -->
            <div class="reporter-method-div">
              <span class="reporter-method-name">tc003_VerifyRegistrationWithAlreadyRegisteredData</span>
              <div class="reporter-method-output-div">
                <span class="reporter-method-output">Chrome browser launched</span>
                <span class="reporter-method-output">Browser maximized</span>
                <span class="reporter-method-output">Navigated to https://demowebshop.tricentis.com/</span>
                <span class="reporter-method-output">Implicit wait set to 5 seconds</span>
                <span class="reporter-method-output">Register Link is displayed</span>
                <span class="reporter-method-output">Clicked on Register Link</span>
                <span class="reporter-method-output">Register Text is displayed</span>
                <span class="reporter-method-output">Clicked on Male Radio button</span>
                <span class="reporter-method-output">Entered Karthick into FirstName TextField</span>
                <span class="reporter-method-output">Entered TestUser into LastName TextField</span>
                <span class="reporter-method-output">Entered mkar@gmail.com into Email TextField</span>
                <span class="reporter-method-output">Entered Ka@12345 into Password TextField</span>
                <span class="reporter-method-output">Entered Ka@12345 into Confirm Password TextField</span>
                <span class="reporter-method-output">Clicked on Register button</span>
                <span class="reporter-method-output">Already exists error Msg is displayed</span>
              </div> <!-- reporter-method-output-div -->
            </div> <!-- reporter-method-div -->
            <div class="reporter-method-div">
              <span class="reporter-method-name">tc002_VerifyRegistrationWithInValidEmail</span>
              <div class="reporter-method-output-div">
                <span class="reporter-method-output">Chrome browser launched</span>
                <span class="reporter-method-output">Browser maximized</span>
                <span class="reporter-method-output">Navigated to https://demowebshop.tricentis.com/</span>
                <span class="reporter-method-output">Implicit wait set to 5 seconds</span>
                <span class="reporter-method-output">Register Link is displayed</span>
                <span class="reporter-method-output">Clicked on Register Link</span>
                <span class="reporter-method-output">Register Text is displayed</span>
                <span class="reporter-method-output">Clicked on Male Radio button</span>
                <span class="reporter-method-output">Entered Karthick into FirstName TextField</span>
                <span class="reporter-method-output">Entered TestUser into LastName TextField</span>
                <span class="reporter-method-output">Random Number generated : 56987</span>
                <span class="reporter-method-output">Entered testUser56987 into Email TextField</span>
                <span class="reporter-method-output">Entered Ka@12345 into Password TextField</span>
                <span class="reporter-method-output">Entered Ka@12345 into Confirm Password TextField</span>
                <span class="reporter-method-output">Clicked on Register button</span>
                <span class="reporter-method-output">Wrong Email Text is displayed</span>
              </div> <!-- reporter-method-output-div -->
            </div> <!-- reporter-method-div -->
            <div class="reporter-method-div">
              <span class="reporter-method-name">tc004_VerifyLoginWithValidCredentials</span>
              <div class="reporter-method-output-div">
                <span class="reporter-method-output">Chrome browser launched</span>
                <span class="reporter-method-output">Browser maximized</span>
                <span class="reporter-method-output">Navigated to https://demowebshop.tricentis.com/</span>
                <span class="reporter-method-output">Implicit wait set to 5 seconds</span>
                <span class="reporter-method-output">Register Link is displayed</span>
                <span class="reporter-method-output">Clicked on LogIn Link</span>
                <span class="reporter-method-output">Welcome Text is displayed</span>
                <span class="reporter-method-output">Entered mkar@gmail.com into Email TextField</span>
                <span class="reporter-method-output">Entered Ka@12345 into Password TextField</span>
                <span class="reporter-method-output">Clicked on Login button</span>
                <span class="reporter-method-output">Logout Link is displayed</span>
              </div> <!-- reporter-method-output-div -->
            </div> <!-- reporter-method-div -->
            <div class="reporter-method-div">
              <span class="reporter-method-name">tc001_VerifyRegistrationWithValidData</span>
              <div class="reporter-method-output-div">
                <span class="reporter-method-output">Chrome browser launched</span>
                <span class="reporter-method-output">Browser maximized</span>
                <span class="reporter-method-output">Navigated to https://demowebshop.tricentis.com/</span>
                <span class="reporter-method-output">Implicit wait set to 5 seconds</span>
                <span class="reporter-method-output">Register Link is displayed</span>
                <span class="reporter-method-output">Clicked on Register Link</span>
                <span class="reporter-method-output">Register Text is displayed</span>
                <span class="reporter-method-output">Clicked on Male Radio button</span>
                <span class="reporter-method-output">Entered Karthick into FirstName TextField</span>
                <span class="reporter-method-output">Entered TestUser into LastName TextField</span>
                <span class="reporter-method-output">Random Number generated : 92458</span>
                <span class="reporter-method-output">Entered testUser92458@gmail.com into Email TextField</span>
                <span class="reporter-method-output">Entered Ka@12345 into Password TextField</span>
                <span class="reporter-method-output">Entered Ka@12345 into Confirm Password TextField</span>
                <span class="reporter-method-output">Clicked on Register button</span>
                <span class="reporter-method-output">Registration Completed Msg is displayed</span>
              </div> <!-- reporter-method-output-div -->
            </div> <!-- reporter-method-div -->
            <div class="reporter-method-div">
              <span class="reporter-method-name">tc006_VerifyLoginWithNoCredentials</span>
              <div class="reporter-method-output-div">
                <span class="reporter-method-output">Edge browser launched</span>
                <span class="reporter-method-output">Browser maximized</span>
                <span class="reporter-method-output">Navigated to https://demowebshop.tricentis.com/</span>
                <span class="reporter-method-output">Implicit wait set to 5 seconds</span>
                <span class="reporter-method-output">Register Link is displayed</span>
                <span class="reporter-method-output">Clicked on LogIn Link</span>
                <span class="reporter-method-output">Welcome Text is displayed</span>
                <span class="reporter-method-output">Clicked on Login button</span>
                <span class="reporter-method-output">No account found Msg is displayed</span>
              </div> <!-- reporter-method-output-div -->
            </div> <!-- reporter-method-div -->
            <div class="reporter-method-div">
              <span class="reporter-method-name">tc007_VerifySearchWithValidData</span>
              <div class="reporter-method-output-div">
                <span class="reporter-method-output">Chrome browser launched</span>
                <span class="reporter-method-output">Browser maximized</span>
                <span class="reporter-method-output">Navigated to https://demowebshop.tricentis.com/</span>
                <span class="reporter-method-output">Implicit wait set to 5 seconds</span>
                <span class="reporter-method-output">Register Link is displayed</span>
                <span class="reporter-method-output">Clicked on LogIn Link</span>
                <span class="reporter-method-output">Welcome Text is displayed</span>
                <span class="reporter-method-output">Entered mkar@gmail.com into Email TextField</span>
                <span class="reporter-method-output">Entered Ka@12345 into Password TextField</span>
                <span class="reporter-method-output">Clicked on Login button</span>
                <span class="reporter-method-output">Logout Link is displayed</span>
                <span class="reporter-method-output">Entered Computer into Search TF</span>
                <span class="reporter-method-output">List of text fetched from Search Suggestions are [Build your own cheap computer, Build your own computer, Build your own expensive computer, Simple Computer]</span>
                <span class="reporter-method-output">Clicked on Search Button</span>
                <span class="reporter-method-output">Entered Computer into Search TF</span>
                <span class="reporter-method-output">Failed to clicked on Build your own cheap computer</span>
              </div> <!-- reporter-method-output-div -->
            </div> <!-- reporter-method-div -->
          </div> <!-- main-panel-content rounded-window-bottom -->
        </div> <!-- panel -->
        <div panel-name="ignored-methods-Suite" class="panel">
          <div class="main-panel-header rounded-window-top">
            <span class="header-content">4 ignored methods</span>
          </div> <!-- main-panel-header rounded-window-top -->
          <div class="main-panel-content rounded-window-bottom">
            <div class="ignored-class-div">
              <span class="ignored-class-name">webTestCases.Module2_Login</span>
              <div class="ignored-methods-div">
                <span class="ignored-method-name">upDateReport</span>
                <br/>
                <span class="ignored-method-name">setUp</span>
                <br/>
              </div> <!-- ignored-methods-div -->
            </div> <!-- ignored-class-div -->
            <div class="ignored-class-div">
              <span class="ignored-class-name">webTestCases.Module3_Search</span>
              <div class="ignored-methods-div">
                <span class="ignored-method-name">setUp</span>
                <br/>
                <span class="ignored-method-name">upDateReport</span>
                <br/>
              </div> <!-- ignored-methods-div -->
            </div> <!-- ignored-class-div -->
          </div> <!-- main-panel-content rounded-window-bottom -->
        </div> <!-- panel -->
        <div panel-name="chronological-Suite" class="panel">
          <div class="main-panel-header rounded-window-top">
            <span class="header-content">Methods in chronological order</span>
          </div> <!-- main-panel-header rounded-window-top -->
          <div class="main-panel-content rounded-window-bottom">
            <div class="chronological-class">
              <div class="chronological-class-name">webTestCases.Module1_Registration</div> <!-- chronological-class-name -->
              <div class="configuration-suite before">
                <span class="method-name">setUp</span>
                <span class="method-start">0 ms</span>
              </div> <!-- configuration-suite before -->
              <div class="test-method">
                <span class="method-name">tc001_VerifyRegistrationWithValidData</span>
                <span class="method-start">243 ms</span>
              </div> <!-- test-method -->
              <div class="configuration-method after">
                <span class="method-name">testOver([TestResult name=tc001_VerifyRegistrationWithValidData status=SUCCESS method=Module1_Registration.tc...)</span>
                <span class="method-start">22801 ms</span>
              </div> <!-- configuration-method after -->
              <div class="test-method">
                <span class="method-name">tc002_VerifyRegistrationWithInValidEmail</span>
                <span class="method-start">23023 ms</span>
              </div> <!-- test-method -->
              <div class="configuration-method after">
                <span class="method-name">testOver([TestResult name=tc002_VerifyRegistrationWithInValidEmail status=SUCCESS method=Module1_Registration...)</span>
                <span class="method-start">43065 ms</span>
              </div> <!-- configuration-method after -->
              <div class="test-method">
                <span class="method-name">tc003_VerifyRegistrationWithAlreadyRegisteredData</span>
                <span class="method-start">43253 ms</span>
              </div> <!-- test-method -->
              <div class="configuration-method after">
                <span class="method-name">testOver([TestResult name=tc003_VerifyRegistrationWithAlreadyRegisteredData status=SUCCESS method=Module1_Reg...)</span>
                <span class="method-start">64402 ms</span>
              </div> <!-- configuration-method after -->
            </div> <!-- chronological-class -->
            <div class="chronological-class">
              <div class="chronological-class-name">webTestCases.Module2_Login</div> <!-- chronological-class-name -->
              <div class="test-method">
                <span class="method-name">tc004_VerifyLoginWithValidCredentials</span>
                <span class="method-start">64588 ms</span>
              </div> <!-- test-method -->
              <div class="configuration-method after">
                <span class="method-name">testOver([TestResult name=tc004_VerifyLoginWithValidCredentials status=SUCCESS method=Module2_Login.tc004_Ver...)</span>
                <span class="method-start">85461 ms</span>
              </div> <!-- configuration-method after -->
              <div class="test-method">
                <span class="method-name">tc005_VerifyLoginWithInValidCredentials</span>
                <span class="method-start">85644 ms</span>
              </div> <!-- test-method -->
              <div class="configuration-method after">
                <span class="method-name">testOver([TestResult name=tc005_VerifyLoginWithInValidCredentials status=SUCCESS method=Module2_Login.tc005_V...)</span>
                <span class="method-start">103666 ms</span>
              </div> <!-- configuration-method after -->
              <div class="test-method">
                <span class="method-name">tc006_VerifyLoginWithNoCredentials</span>
                <span class="method-start">104391 ms</span>
              </div> <!-- test-method -->
              <div class="configuration-method after">
                <span class="method-name">testOver([TestResult name=tc006_VerifyLoginWithNoCredentials status=SUCCESS method=Module2_Login.tc006_Verify...)</span>
                <span class="method-start">120240 ms</span>
              </div> <!-- configuration-method after -->
            </div> <!-- chronological-class -->
            <div class="chronological-class">
              <div class="chronological-class-name">webTestCases.Module3_Search</div> <!-- chronological-class-name -->
              <div class="test-method">
                <img src="failed.png">
                </img>
                <span class="method-name">tc007_VerifySearchWithValidData</span>
                <span class="method-start">121536 ms</span>
              </div> <!-- test-method -->
              <div class="configuration-method after">
                <span class="method-name">testOver([TestResult name=tc007_VerifySearchWithValidData status=FAILURE method=Module3_Search.tc007_VerifySe...)</span>
                <span class="method-start">150855 ms</span>
              </div> <!-- configuration-method after -->
            </div> <!-- chronological-class -->
            <div class="chronological-class">
              <div class="chronological-class-name">webTestCases.Module1_Registration</div> <!-- chronological-class-name -->
              <div class="configuration-suite after">
                <span class="method-name">upDateReport</span>
                <span class="method-start">151033 ms</span>
              </div> <!-- configuration-suite after -->
          </div> <!-- main-panel-content rounded-window-bottom -->
        </div> <!-- panel -->
      </div> <!-- main-panel-root -->
    </div> <!-- wrapper -->
  </body>
<script type="text/javascript" src="testng-reports2.js"></script>
</html>
