<?xml version="1.0" encoding="UTF-8"?>
<testng-results ignored="0" total="7" passed="6" failed="1" skipped="0">
  <reporter-output>
    <line>
      <![CDATA[Chrome browser launched]]>
    </line>
    <line>
      <![CDATA[Browser maximized]]>
    </line>
    <line>
      <![CDATA[Navigated to https://demowebshop.tricentis.com/]]>
    </line>
    <line>
      <![CDATA[Implicit wait set to 5 seconds]]>
    </line>
    <line>
      <![CDATA[Register Link is displayed]]>
    </line>
    <line>
      <![CDATA[Clicked on Register Link]]>
    </line>
    <line>
      <![CDATA[Register Text is displayed]]>
    </line>
    <line>
      <![CDATA[Clicked on Male Radio button]]>
    </line>
    <line>
      <![CDATA[Entered Karthick into FirstName TextField]]>
    </line>
    <line>
      <![CDATA[Entered TestUser into LastName TextField]]>
    </line>
    <line>
      <![CDATA[Random Number generated : 92458]]>
    </line>
    <line>
      <![CDATA[Entered testUser92458@gmail.com into Email TextField]]>
    </line>
    <line>
      <![CDATA[Entered Ka@12345 into Password TextField]]>
    </line>
    <line>
      <![CDATA[Entered Ka@12345 into Confirm Password TextField]]>
    </line>
    <line>
      <![CDATA[Clicked on Register button]]>
    </line>
    <line>
      <![CDATA[Registration Completed Msg is displayed]]>
    </line>
    <line>
      <![CDATA[Browser closed]]>
    </line>
    <line>
      <![CDATA[Chrome browser launched]]>
    </line>
    <line>
      <![CDATA[Browser maximized]]>
    </line>
    <line>
      <![CDATA[Navigated to https://demowebshop.tricentis.com/]]>
    </line>
    <line>
      <![CDATA[Implicit wait set to 5 seconds]]>
    </line>
    <line>
      <![CDATA[Register Link is displayed]]>
    </line>
    <line>
      <![CDATA[Clicked on Register Link]]>
    </line>
    <line>
      <![CDATA[Register Text is displayed]]>
    </line>
    <line>
      <![CDATA[Clicked on Male Radio button]]>
    </line>
    <line>
      <![CDATA[Entered Karthick into FirstName TextField]]>
    </line>
    <line>
      <![CDATA[Entered TestUser into LastName TextField]]>
    </line>
    <line>
      <![CDATA[Random Number generated : 56987]]>
    </line>
    <line>
      <![CDATA[Entered testUser56987 into Email TextField]]>
    </line>
    <line>
      <![CDATA[Entered Ka@12345 into Password TextField]]>
    </line>
    <line>
      <![CDATA[Entered Ka@12345 into Confirm Password TextField]]>
    </line>
    <line>
      <![CDATA[Clicked on Register button]]>
    </line>
    <line>
      <![CDATA[Wrong Email Text is displayed]]>
    </line>
    <line>
      <![CDATA[Browser closed]]>
    </line>
    <line>
      <![CDATA[Chrome browser launched]]>
    </line>
    <line>
      <![CDATA[Browser maximized]]>
    </line>
    <line>
      <![CDATA[Navigated to https://demowebshop.tricentis.com/]]>
    </line>
    <line>
      <![CDATA[Implicit wait set to 5 seconds]]>
    </line>
    <line>
      <![CDATA[Register Link is displayed]]>
    </line>
    <line>
      <![CDATA[Clicked on Register Link]]>
    </line>
    <line>
      <![CDATA[Register Text is displayed]]>
    </line>
    <line>
      <![CDATA[Clicked on Male Radio button]]>
    </line>
    <line>
      <![CDATA[Entered Karthick into FirstName TextField]]>
    </line>
    <line>
      <![CDATA[Entered TestUser into LastName TextField]]>
    </line>
    <line>
      <![CDATA[Entered mkar@gmail.com into Email TextField]]>
    </line>
    <line>
      <![CDATA[Entered Ka@12345 into Password TextField]]>
    </line>
    <line>
      <![CDATA[Entered Ka@12345 into Confirm Password TextField]]>
    </line>
    <line>
      <![CDATA[Clicked on Register button]]>
    </line>
    <line>
      <![CDATA[Already exists error Msg is displayed]]>
    </line>
    <line>
      <![CDATA[Browser closed]]>
    </line>
    <line>
      <![CDATA[Chrome browser launched]]>
    </line>
    <line>
      <![CDATA[Browser maximized]]>
    </line>
    <line>
      <![CDATA[Navigated to https://demowebshop.tricentis.com/]]>
    </line>
    <line>
      <![CDATA[Implicit wait set to 5 seconds]]>
    </line>
    <line>
      <![CDATA[Register Link is displayed]]>
    </line>
    <line>
      <![CDATA[Clicked on LogIn Link]]>
    </line>
    <line>
      <![CDATA[Welcome Text is displayed]]>
    </line>
    <line>
      <![CDATA[Entered mkar@gmail.com into Email TextField]]>
    </line>
    <line>
      <![CDATA[Entered Ka@12345 into Password TextField]]>
    </line>
    <line>
      <![CDATA[Clicked on Login button]]>
    </line>
    <line>
      <![CDATA[Logout Link is displayed]]>
    </line>
    <line>
      <![CDATA[Browser closed]]>
    </line>
    <line>
      <![CDATA[Firefox browser launched]]>
    </line>
    <line>
      <![CDATA[Browser maximized]]>
    </line>
    <line>
      <![CDATA[Navigated to https://demowebshop.tricentis.com/]]>
    </line>
    <line>
      <![CDATA[Implicit wait set to 5 seconds]]>
    </line>
    <line>
      <![CDATA[Register Link is displayed]]>
    </line>
    <line>
      <![CDATA[Clicked on LogIn Link]]>
    </line>
    <line>
      <![CDATA[Welcome Text is displayed]]>
    </line>
    <line>
      <![CDATA[Entered mkar@gmail.com into Email TextField]]>
    </line>
    <line>
      <![CDATA[Entered Ka@123456 into Password TextField]]>
    </line>
    <line>
      <![CDATA[Clicked on Login button]]>
    </line>
    <line>
      <![CDATA[Incorrect credentials Msg is displayed]]>
    </line>
    <line>
      <![CDATA[Browser closed]]>
    </line>
    <line>
      <![CDATA[Edge browser launched]]>
    </line>
    <line>
      <![CDATA[Browser maximized]]>
    </line>
    <line>
      <![CDATA[Navigated to https://demowebshop.tricentis.com/]]>
    </line>
    <line>
      <![CDATA[Implicit wait set to 5 seconds]]>
    </line>
    <line>
      <![CDATA[Register Link is displayed]]>
    </line>
    <line>
      <![CDATA[Clicked on LogIn Link]]>
    </line>
    <line>
      <![CDATA[Welcome Text is displayed]]>
    </line>
    <line>
      <![CDATA[Clicked on Login button]]>
    </line>
    <line>
      <![CDATA[No account found Msg is displayed]]>
    </line>
    <line>
      <![CDATA[Browser closed]]>
    </line>
    <line>
      <![CDATA[Chrome browser launched]]>
    </line>
    <line>
      <![CDATA[Browser maximized]]>
    </line>
    <line>
      <![CDATA[Navigated to https://demowebshop.tricentis.com/]]>
    </line>
    <line>
      <![CDATA[Implicit wait set to 5 seconds]]>
    </line>
    <line>
      <![CDATA[Register Link is displayed]]>
    </line>
    <line>
      <![CDATA[Clicked on LogIn Link]]>
    </line>
    <line>
      <![CDATA[Welcome Text is displayed]]>
    </line>
    <line>
      <![CDATA[Entered mkar@gmail.com into Email TextField]]>
    </line>
    <line>
      <![CDATA[Entered Ka@12345 into Password TextField]]>
    </line>
    <line>
      <![CDATA[Clicked on Login button]]>
    </line>
    <line>
      <![CDATA[Logout Link is displayed]]>
    </line>
    <line>
      <![CDATA[Entered Computer into Search TF]]>
    </line>
    <line>
      <![CDATA[List of text fetched from Search Suggestions are [Build your own cheap computer, Build your own computer, Build your own expensive computer, Simple Computer]]]>
    </line>
    <line>
      <![CDATA[Clicked on Search Button]]>
    </line>
    <line>
      <![CDATA[Entered Computer into Search TF]]>
    </line>
    <line>
      <![CDATA[Failed to clicked on Build your own cheap computer]]>
    </line>
  </reporter-output>
  <suite started-at="2024-10-01T20:26:15 IST" name="Suite" finished-at="2024-10-01T20:28:46 IST" duration-ms="150757">
    <groups>
    </groups>
    <test started-at="2024-10-01T20:26:15 IST" name="Test" finished-at="2024-10-01T20:28:46 IST" duration-ms="150757">
      <class name="webTestCases.Module3_Search">
        <test-method signature="tc007_VerifySearchWithValidData()[pri:0, instance:webTestCases.Module3_Search@2ab4bc72]" started-at="2024-10-01T20:28:17 IST" name="tc007_VerifySearchWithValidData" finished-at="2024-10-01T20:28:46 IST" duration-ms="29316" status="FAIL">
          <exception class="org.openqa.selenium.ElementNotInteractableException">
            <message>
              <![CDATA[element not interactable
  (Session info: chrome=129.0.6668.70)
Build info: version: '4.19.1', revision: 'abe0ee07dc'
System info: os.name: 'Windows 11', os.arch: 'amd64', os.version: '10.0', java.version: '22.0.1'
Driver info: org.openqa.selenium.chrome.ChromeDriver
Command: [37a6e14c3c38c02b0a363a3609b6e359, clickElement {id=f.1AD5C8A24DC2B7FA6F697DFEF152FF0B.d.437F8B660B430D283175BAF50FBF779E.e.140}]
Capabilities {acceptInsecureCerts: false, browserName: chrome, browserVersion: 129.0.6668.70, chrome: {chromedriverVersion: 129.0.6668.70 (df87d5cf12b1..., userDataDir: C:\Users\User\AppData\Local...}, fedcm:accounts: true, goog:chromeOptions: {debuggerAddress: localhost:60778}, networkConnectionEnabled: false, pageLoadStrategy: normal, platformName: windows, proxy: Proxy(), se:cdp: ws://localhost:60778/devtoo..., se:cdpVersion: 129.0.6668.70, setWindowRect: true, strictFileInteractability: false, timeouts: {implicit: 0, pageLoad: 300000, script: 30000}, unhandledPromptBehavior: dismiss and notify, webauthn:extension:credBlob: true, webauthn:extension:largeBlob: true, webauthn:extension:minPinLength: true, webauthn:extension:prf: true, webauthn:virtualAuthenticators: true}
Element: [[ChromeDriver: chrome on windows (37a6e14c3c38c02b0a363a3609b6e359)] -> xpath: //ul[contains(@class,'ui-menu')]/li/a[text()='Build your own cheap computer']]
Session ID: 37a6e14c3c38c02b0a363a3609b6e359]]>
            </message>
            <full-stacktrace>
              <![CDATA[org.openqa.selenium.ElementNotInteractableException: element not interactable
  (Session info: chrome=129.0.6668.70)
Build info: version: '4.19.1', revision: 'abe0ee07dc'
System info: os.name: 'Windows 11', os.arch: 'amd64', os.version: '10.0', java.version: '22.0.1'
Driver info: org.openqa.selenium.chrome.ChromeDriver
Command: [37a6e14c3c38c02b0a363a3609b6e359, clickElement {id=f.1AD5C8A24DC2B7FA6F697DFEF152FF0B.d.437F8B660B430D283175BAF50FBF779E.e.140}]
Capabilities {acceptInsecureCerts: false, browserName: chrome, browserVersion: 129.0.6668.70, chrome: {chromedriverVersion: 129.0.6668.70 (df87d5cf12b1..., userDataDir: C:\Users\User\AppData\Local...}, fedcm:accounts: true, goog:chromeOptions: {debuggerAddress: localhost:60778}, networkConnectionEnabled: false, pageLoadStrategy: normal, platformName: windows, proxy: Proxy(), se:cdp: ws://localhost:60778/devtoo..., se:cdpVersion: 129.0.6668.70, setWindowRect: true, strictFileInteractability: false, timeouts: {implicit: 0, pageLoad: 300000, script: 30000}, unhandledPromptBehavior: dismiss and notify, webauthn:extension:credBlob: true, webauthn:extension:largeBlob: true, webauthn:extension:minPinLength: true, webauthn:extension:prf: true, webauthn:virtualAuthenticators: true}
Element: [[ChromeDriver: chrome on windows (37a6e14c3c38c02b0a363a3609b6e359)] -> xpath: //ul[contains(@class,'ui-menu')]/li/a[text()='Build your own cheap computer']]
Session ID: 37a6e14c3c38c02b0a363a3609b6e359
at java.base/jdk.internal.reflect.DirectConstructorHandleAccessor.newInstance(DirectConstructorHandleAccessor.java:62)
at java.base/java.lang.reflect.Constructor.newInstanceWithCaller(Constructor.java:502)
at java.base/java.lang.reflect.Constructor.newInstance(Constructor.java:486)
at org.openqa.selenium.remote.ErrorCodec.decode(ErrorCodec.java:167)
at org.openqa.selenium.remote.codec.w3c.W3CHttpResponseCodec.decode(W3CHttpResponseCodec.java:138)
at org.openqa.selenium.remote.codec.w3c.W3CHttpResponseCodec.decode(W3CHttpResponseCodec.java:50)
at org.openqa.selenium.remote.HttpCommandExecutor.execute(HttpCommandExecutor.java:190)
at org.openqa.selenium.remote.service.DriverCommandExecutor.invokeExecute(DriverCommandExecutor.java:216)
at org.openqa.selenium.remote.service.DriverCommandExecutor.execute(DriverCommandExecutor.java:174)
at org.openqa.selenium.remote.RemoteWebDriver.execute(RemoteWebDriver.java:518)
at org.openqa.selenium.remote.RemoteWebElement.execute(RemoteWebElement.java:223)
at org.openqa.selenium.remote.RemoteWebElement.click(RemoteWebElement.java:76)
at genericLib.Utilities.clickOn(Utilities.java:166)
at webTestCases.Module3_Search.tc007_VerifySearchWithValidData(Module3_Search.java:27)
at java.base/jdk.internal.reflect.DirectMethodHandleAccessor.invoke(DirectMethodHandleAccessor.java:103)
at java.base/java.lang.reflect.Method.invoke(Method.java:580)
at org.testng.internal.invokers.MethodInvocationHelper.invokeMethod(MethodInvocationHelper.java:141)
at org.testng.internal.invokers.TestInvoker.invokeMethod(TestInvoker.java:686)
at org.testng.internal.invokers.TestInvoker.invokeTestMethod(TestInvoker.java:230)
at org.testng.internal.invokers.MethodRunner.runInSequence(MethodRunner.java:63)
at org.testng.internal.invokers.TestInvoker$MethodInvocationAgent.invoke(TestInvoker.java:992)
at org.testng.internal.invokers.TestInvoker.invokeTestMethods(TestInvoker.java:203)
at org.testng.internal.invokers.TestMethodWorker.invokeTestMethods(TestMethodWorker.java:154)
at org.testng.internal.invokers.TestMethodWorker.run(TestMethodWorker.java:134)
at java.base/java.util.ArrayList.forEach(ArrayList.java:1597)
at org.testng.TestRunner.privateRun(TestRunner.java:739)
at org.testng.TestRunner.run(TestRunner.java:614)
at org.testng.SuiteRunner.runTest(SuiteRunner.java:421)
at org.testng.SuiteRunner.runSequentially(SuiteRunner.java:413)
at org.testng.SuiteRunner.privateRun(SuiteRunner.java:373)
at org.testng.SuiteRunner.run(SuiteRunner.java:312)
at org.testng.SuiteRunnerWorker.runSuite(SuiteRunnerWorker.java:52)
at org.testng.SuiteRunnerWorker.run(SuiteRunnerWorker.java:95)
at org.testng.TestNG.runSuitesSequentially(TestNG.java:1274)
at org.testng.TestNG.runSuitesLocally(TestNG.java:1208)
at org.testng.TestNG.runSuites(TestNG.java:1112)
at org.testng.TestNG.run(TestNG.java:1079)
at org.testng.remote.AbstractRemoteTestNG.run(AbstractRemoteTestNG.java:115)
at org.testng.remote.RemoteTestNG.initAndRun(RemoteTestNG.java:293)
at org.testng.remote.RemoteTestNG.main(RemoteTestNG.java:91)
]]>
            </full-stacktrace>
          </exception> <!-- org.openqa.selenium.ElementNotInteractableException -->
          <reporter-output>
            <line>
              <![CDATA[Chrome browser launched]]>
            </line>
            <line>
              <![CDATA[Browser maximized]]>
            </line>
            <line>
              <![CDATA[Navigated to https://demowebshop.tricentis.com/]]>
            </line>
            <line>
              <![CDATA[Implicit wait set to 5 seconds]]>
            </line>
            <line>
              <![CDATA[Register Link is displayed]]>
            </line>
            <line>
              <![CDATA[Clicked on LogIn Link]]>
            </line>
            <line>
              <![CDATA[Welcome Text is displayed]]>
            </line>
            <line>
              <![CDATA[Entered mkar@gmail.com into Email TextField]]>
            </line>
            <line>
              <![CDATA[Entered Ka@12345 into Password TextField]]>
            </line>
            <line>
              <![CDATA[Clicked on Login button]]>
            </line>
            <line>
              <![CDATA[Logout Link is displayed]]>
            </line>
            <line>
              <![CDATA[Entered Computer into Search TF]]>
            </line>
            <line>
              <![CDATA[List of text fetched from Search Suggestions are [Build your own cheap computer, Build your own computer, Build your own expensive computer, Simple Computer]]]>
            </line>
            <line>
              <![CDATA[Clicked on Search Button]]>
            </line>
            <line>
              <![CDATA[Entered Computer into Search TF]]>
            </line>
            <line>
              <![CDATA[Failed to clicked on Build your own cheap computer]]>
            </line>
          </reporter-output>
        </test-method> <!-- tc007_VerifySearchWithValidData -->
        <test-method is-config="true" signature="testOver(org.testng.ITestResult)[pri:0, instance:webTestCases.Module3_Search@2ab4bc72]" started-at="2024-10-01T20:28:46 IST" name="testOver" finished-at="2024-10-01T20:28:46 IST" duration-ms="117" status="PASS">
          <params>
            <param index="0">
              <value>
                <![CDATA[[TestResult name=tc007_VerifySearchWithValidData status=FAILURE method=Module3_Search.tc007_VerifySearchWithValidData()[pri:0, instance:webTestCases.Module3_Search@2ab4bc72] output=Chrome browser launched]]]>
              </value>
            </param>
          </params>
          <reporter-output>
          </reporter-output>
        </test-method> <!-- testOver -->
      </class> <!-- webTestCases.Module3_Search -->
      <class name="webTestCases.Module2_Login">
        <test-method signature="tc004_VerifyLoginWithValidCredentials()[pri:0, instance:webTestCases.Module2_Login@3de8f619]" started-at="2024-10-01T20:27:20 IST" name="tc004_VerifyLoginWithValidCredentials" finished-at="2024-10-01T20:27:40 IST" duration-ms="20870" status="PASS">
          <reporter-output>
            <line>
              <![CDATA[Chrome browser launched]]>
            </line>
            <line>
              <![CDATA[Browser maximized]]>
            </line>
            <line>
              <![CDATA[Navigated to https://demowebshop.tricentis.com/]]>
            </line>
            <line>
              <![CDATA[Implicit wait set to 5 seconds]]>
            </line>
            <line>
              <![CDATA[Register Link is displayed]]>
            </line>
            <line>
              <![CDATA[Clicked on LogIn Link]]>
            </line>
            <line>
              <![CDATA[Welcome Text is displayed]]>
            </line>
            <line>
              <![CDATA[Entered mkar@gmail.com into Email TextField]]>
            </line>
            <line>
              <![CDATA[Entered Ka@12345 into Password TextField]]>
            </line>
            <line>
              <![CDATA[Clicked on Login button]]>
            </line>
            <line>
              <![CDATA[Logout Link is displayed]]>
            </line>
          </reporter-output>
        </test-method> <!-- tc004_VerifyLoginWithValidCredentials -->
        <test-method is-config="true" signature="testOver(org.testng.ITestResult)[pri:0, instance:webTestCases.Module2_Login@3de8f619]" started-at="2024-10-01T20:27:40 IST" name="testOver" finished-at="2024-10-01T20:27:41 IST" duration-ms="182" status="PASS">
          <params>
            <param index="0">
              <value>
                <![CDATA[[TestResult name=tc004_VerifyLoginWithValidCredentials status=SUCCESS method=Module2_Login.tc004_VerifyLoginWithValidCredentials()[pri:0, instance:webTestCases.Module2_Login@3de8f619] output=Chrome browser launched]]]>
              </value>
            </param>
          </params>
          <reporter-output>
            <line>
              <![CDATA[Browser closed]]>
            </line>
          </reporter-output>
        </test-method> <!-- testOver -->
        <test-method signature="tc005_VerifyLoginWithInValidCredentials()[pri:0, instance:webTestCases.Module2_Login@3de8f619]" started-at="2024-10-01T20:27:41 IST" name="tc005_VerifyLoginWithInValidCredentials" finished-at="2024-10-01T20:27:59 IST" duration-ms="18020" status="PASS">
          <reporter-output>
            <line>
              <![CDATA[Firefox browser launched]]>
            </line>
            <line>
              <![CDATA[Browser maximized]]>
            </line>
            <line>
              <![CDATA[Navigated to https://demowebshop.tricentis.com/]]>
            </line>
            <line>
              <![CDATA[Implicit wait set to 5 seconds]]>
            </line>
            <line>
              <![CDATA[Register Link is displayed]]>
            </line>
            <line>
              <![CDATA[Clicked on LogIn Link]]>
            </line>
            <line>
              <![CDATA[Welcome Text is displayed]]>
            </line>
            <line>
              <![CDATA[Entered mkar@gmail.com into Email TextField]]>
            </line>
            <line>
              <![CDATA[Entered Ka@123456 into Password TextField]]>
            </line>
            <line>
              <![CDATA[Clicked on Login button]]>
            </line>
            <line>
              <![CDATA[Incorrect credentials Msg is displayed]]>
            </line>
          </reporter-output>
        </test-method> <!-- tc005_VerifyLoginWithInValidCredentials -->
        <test-method is-config="true" signature="testOver(org.testng.ITestResult)[pri:0, instance:webTestCases.Module2_Login@3de8f619]" started-at="2024-10-01T20:27:59 IST" name="testOver" finished-at="2024-10-01T20:27:59 IST" duration-ms="724" status="PASS">
          <params>
            <param index="0">
              <value>
                <![CDATA[[TestResult name=tc005_VerifyLoginWithInValidCredentials status=SUCCESS method=Module2_Login.tc005_VerifyLoginWithInValidCredentials()[pri:0, instance:webTestCases.Module2_Login@3de8f619] output=Firefox browser launched]]]>
              </value>
            </param>
          </params>
          <reporter-output>
            <line>
              <![CDATA[Browser closed]]>
            </line>
          </reporter-output>
        </test-method> <!-- testOver -->
        <test-method signature="tc006_VerifyLoginWithNoCredentials()[pri:0, instance:webTestCases.Module2_Login@3de8f619]" started-at="2024-10-01T20:27:59 IST" name="tc006_VerifyLoginWithNoCredentials" finished-at="2024-10-01T20:28:15 IST" duration-ms="15847" status="PASS">
          <reporter-output>
            <line>
              <![CDATA[Edge browser launched]]>
            </line>
            <line>
              <![CDATA[Browser maximized]]>
            </line>
            <line>
              <![CDATA[Navigated to https://demowebshop.tricentis.com/]]>
            </line>
            <line>
              <![CDATA[Implicit wait set to 5 seconds]]>
            </line>
            <line>
              <![CDATA[Register Link is displayed]]>
            </line>
            <line>
              <![CDATA[Clicked on LogIn Link]]>
            </line>
            <line>
              <![CDATA[Welcome Text is displayed]]>
            </line>
            <line>
              <![CDATA[Clicked on Login button]]>
            </line>
            <line>
              <![CDATA[No account found Msg is displayed]]>
            </line>
          </reporter-output>
        </test-method> <!-- tc006_VerifyLoginWithNoCredentials -->
        <test-method is-config="true" signature="testOver(org.testng.ITestResult)[pri:0, instance:webTestCases.Module2_Login@3de8f619]" started-at="2024-10-01T20:28:15 IST" name="testOver" finished-at="2024-10-01T20:28:17 IST" duration-ms="1294" status="PASS">
          <params>
            <param index="0">
              <value>
                <![CDATA[[TestResult name=tc006_VerifyLoginWithNoCredentials status=SUCCESS method=Module2_Login.tc006_VerifyLoginWithNoCredentials()[pri:0, instance:webTestCases.Module2_Login@3de8f619] output=Edge browser launched]]]>
              </value>
            </param>
          </params>
          <reporter-output>
            <line>
              <![CDATA[Browser closed]]>
            </line>
          </reporter-output>
        </test-method> <!-- testOver -->
      </class> <!-- webTestCases.Module2_Login -->
      <class name="webTestCases.Module1_Registration">
        <test-method is-config="true" signature="setUp()[pri:0, instance:webTestCases.Module1_Registration@5965d37]" started-at="2024-10-01T20:26:15 IST" name="setUp" finished-at="2024-10-01T20:26:15 IST" duration-ms="215" status="PASS">
          <reporter-output>
          </reporter-output>
        </test-method> <!-- setUp -->
        <test-method signature="tc001_VerifyRegistrationWithValidData()[pri:0, instance:webTestCases.Module1_Registration@5965d37]" started-at="2024-10-01T20:26:15 IST" name="tc001_VerifyRegistrationWithValidData" finished-at="2024-10-01T20:26:38 IST" duration-ms="22554" status="PASS">
          <reporter-output>
            <line>
              <![CDATA[Chrome browser launched]]>
            </line>
            <line>
              <![CDATA[Browser maximized]]>
            </line>
            <line>
              <![CDATA[Navigated to https://demowebshop.tricentis.com/]]>
            </line>
            <line>
              <![CDATA[Implicit wait set to 5 seconds]]>
            </line>
            <line>
              <![CDATA[Register Link is displayed]]>
            </line>
            <line>
              <![CDATA[Clicked on Register Link]]>
            </line>
            <line>
              <![CDATA[Register Text is displayed]]>
            </line>
            <line>
              <![CDATA[Clicked on Male Radio button]]>
            </line>
            <line>
              <![CDATA[Entered Karthick into FirstName TextField]]>
            </line>
            <line>
              <![CDATA[Entered TestUser into LastName TextField]]>
            </line>
            <line>
              <![CDATA[Random Number generated : 92458]]>
            </line>
            <line>
              <![CDATA[Entered testUser92458@gmail.com into Email TextField]]>
            </line>
            <line>
              <![CDATA[Entered Ka@12345 into Password TextField]]>
            </line>
            <line>
              <![CDATA[Entered Ka@12345 into Confirm Password TextField]]>
            </line>
            <line>
              <![CDATA[Clicked on Register button]]>
            </line>
            <line>
              <![CDATA[Registration Completed Msg is displayed]]>
            </line>
          </reporter-output>
        </test-method> <!-- tc001_VerifyRegistrationWithValidData -->
        <test-method is-config="true" signature="testOver(org.testng.ITestResult)[pri:0, instance:webTestCases.Module1_Registration@5965d37]" started-at="2024-10-01T20:26:38 IST" name="testOver" finished-at="2024-10-01T20:26:38 IST" duration-ms="221" status="PASS">
          <params>
            <param index="0">
              <value>
                <![CDATA[[TestResult name=tc001_VerifyRegistrationWithValidData status=SUCCESS method=Module1_Registration.tc001_VerifyRegistrationWithValidData()[pri:0, instance:webTestCases.Module1_Registration@5965d37] output=Chrome browser launched]]]>
              </value>
            </param>
          </params>
          <reporter-output>
            <line>
              <![CDATA[Browser closed]]>
            </line>
          </reporter-output>
        </test-method> <!-- testOver -->
        <test-method signature="tc002_VerifyRegistrationWithInValidEmail()[pri:0, instance:webTestCases.Module1_Registration@5965d37]" started-at="2024-10-01T20:26:38 IST" name="tc002_VerifyRegistrationWithInValidEmail" finished-at="2024-10-01T20:26:58 IST" duration-ms="20038" status="PASS">
          <reporter-output>
            <line>
              <![CDATA[Chrome browser launched]]>
            </line>
            <line>
              <![CDATA[Browser maximized]]>
            </line>
            <line>
              <![CDATA[Navigated to https://demowebshop.tricentis.com/]]>
            </line>
            <line>
              <![CDATA[Implicit wait set to 5 seconds]]>
            </line>
            <line>
              <![CDATA[Register Link is displayed]]>
            </line>
            <line>
              <![CDATA[Clicked on Register Link]]>
            </line>
            <line>
              <![CDATA[Register Text is displayed]]>
            </line>
            <line>
              <![CDATA[Clicked on Male Radio button]]>
            </line>
            <line>
              <![CDATA[Entered Karthick into FirstName TextField]]>
            </line>
            <line>
              <![CDATA[Entered TestUser into LastName TextField]]>
            </line>
            <line>
              <![CDATA[Random Number generated : 56987]]>
            </line>
            <line>
              <![CDATA[Entered testUser56987 into Email TextField]]>
            </line>
            <line>
              <![CDATA[Entered Ka@12345 into Password TextField]]>
            </line>
            <line>
              <![CDATA[Entered Ka@12345 into Confirm Password TextField]]>
            </line>
            <line>
              <![CDATA[Clicked on Register button]]>
            </line>
            <line>
              <![CDATA[Wrong Email Text is displayed]]>
            </line>
          </reporter-output>
        </test-method> <!-- tc002_VerifyRegistrationWithInValidEmail -->
        <test-method is-config="true" signature="testOver(org.testng.ITestResult)[pri:0, instance:webTestCases.Module1_Registration@5965d37]" started-at="2024-10-01T20:26:58 IST" name="testOver" finished-at="2024-10-01T20:26:58 IST" duration-ms="187" status="PASS">
          <params>
            <param index="0">
              <value>
                <![CDATA[[TestResult name=tc002_VerifyRegistrationWithInValidEmail status=SUCCESS method=Module1_Registration.tc002_VerifyRegistrationWithInValidEmail()[pri:0, instance:webTestCases.Module1_Registration@5965d37] output=Chrome browser launched]]]>
              </value>
            </param>
          </params>
          <reporter-output>
            <line>
              <![CDATA[Browser closed]]>
            </line>
          </reporter-output>
        </test-method> <!-- testOver -->
        <test-method signature="tc003_VerifyRegistrationWithAlreadyRegisteredData()[pri:0, instance:webTestCases.Module1_Registration@5965d37]" started-at="2024-10-01T20:26:58 IST" name="tc003_VerifyRegistrationWithAlreadyRegisteredData" finished-at="2024-10-01T20:27:19 IST" duration-ms="21146" status="PASS">
          <reporter-output>
            <line>
              <![CDATA[Chrome browser launched]]>
            </line>
            <line>
              <![CDATA[Browser maximized]]>
            </line>
            <line>
              <![CDATA[Navigated to https://demowebshop.tricentis.com/]]>
            </line>
            <line>
              <![CDATA[Implicit wait set to 5 seconds]]>
            </line>
            <line>
              <![CDATA[Register Link is displayed]]>
            </line>
            <line>
              <![CDATA[Clicked on Register Link]]>
            </line>
            <line>
              <![CDATA[Register Text is displayed]]>
            </line>
            <line>
              <![CDATA[Clicked on Male Radio button]]>
            </line>
            <line>
              <![CDATA[Entered Karthick into FirstName TextField]]>
            </line>
            <line>
              <![CDATA[Entered TestUser into LastName TextField]]>
            </line>
            <line>
              <![CDATA[Entered mkar@gmail.com into Email TextField]]>
            </line>
            <line>
              <![CDATA[Entered Ka@12345 into Password TextField]]>
            </line>
            <line>
              <![CDATA[Entered Ka@12345 into Confirm Password TextField]]>
            </line>
            <line>
              <![CDATA[Clicked on Register button]]>
            </line>
            <line>
              <![CDATA[Already exists error Msg is displayed]]>
            </line>
          </reporter-output>
        </test-method> <!-- tc003_VerifyRegistrationWithAlreadyRegisteredData -->
        <test-method is-config="true" signature="testOver(org.testng.ITestResult)[pri:0, instance:webTestCases.Module1_Registration@5965d37]" started-at="2024-10-01T20:27:19 IST" name="testOver" finished-at="2024-10-01T20:27:20 IST" duration-ms="184" status="PASS">
          <params>
            <param index="0">
              <value>
                <![CDATA[[TestResult name=tc003_VerifyRegistrationWithAlreadyRegisteredData status=SUCCESS method=Module1_Registration.tc003_VerifyRegistrationWithAlreadyRegisteredData()[pri:0, instance:webTestCases.Module1_Registration@5965d37] output=Chrome browser launched]]]>
              </value>
            </param>
          </params>
          <reporter-output>
            <line>
              <![CDATA[Browser closed]]>
            </line>
          </reporter-output>
        </test-method> <!-- testOver -->
        <test-method is-config="true" signature="upDateReport()[pri:0, instance:webTestCases.Module1_Registration@5965d37]" started-at="2024-10-01T20:28:46 IST" name="upDateReport" finished-at="2024-10-01T20:28:46 IST" duration-ms="337" status="PASS">
          <reporter-output>
          </reporter-output>
        </test-method> <!-- upDateReport -->
      </class> <!-- webTestCases.Module1_Registration -->
    </test> <!-- Test -->
  </suite> <!-- Suite -->
</testng-results>
